{"/home/sergey/University/mobile/Mobile/contexts/SettingsContext.tsx": {"path":"/home/sergey/University/mobile/Mobile/contexts/SettingsContext.tsx","statementMap":{"0":{"start":{"line":31,"column":24},"end":{"line":31,"column":81}},"1":{"start":{"line":37,"column":65},"end":{"line":164,"column":1}},"2":{"start":{"line":38,"column":33},"end":{"line":38,"column":61}},"3":{"start":{"line":39,"column":53},"end":{"line":39,"column":88}},"4":{"start":{"line":40,"column":49},"end":{"line":40,"column":79}},"5":{"start":{"line":41,"column":57},"end":{"line":41,"column":80}},"6":{"start":{"line":42,"column":49},"end":{"line":42,"column":72}},"7":{"start":{"line":43,"column":36},"end":{"line":43,"column":59}},"8":{"start":{"line":46,"column":2},"end":{"line":48,"column":9}},"9":{"start":{"line":47,"column":4},"end":{"line":47,"column":19}},"10":{"start":{"line":50,"column":23},"end":{"line":65,"column":3}},"11":{"start":{"line":51,"column":4},"end":{"line":64,"column":5}},"12":{"start":{"line":52,"column":6},"end":{"line":52,"column":25}},"13":{"start":{"line":53,"column":23},"end":{"line":53,"column":50}},"14":{"start":{"line":55,"column":6},"end":{"line":55,"column":36}},"15":{"start":{"line":56,"column":6},"end":{"line":56,"column":56}},"16":{"start":{"line":57,"column":6},"end":{"line":57,"column":52}},"17":{"start":{"line":58,"column":6},"end":{"line":58,"column":60}},"18":{"start":{"line":59,"column":6},"end":{"line":59,"column":52}},"19":{"start":{"line":61,"column":6},"end":{"line":61,"column":54}},"20":{"start":{"line":63,"column":6},"end":{"line":63,"column":26}},"21":{"start":{"line":67,"column":19},"end":{"line":75,"column":3}},"22":{"start":{"line":68,"column":4},"end":{"line":74,"column":5}},"23":{"start":{"line":69,"column":6},"end":{"line":69,"column":40}},"24":{"start":{"line":70,"column":6},"end":{"line":70,"column":30}},"25":{"start":{"line":72,"column":6},"end":{"line":72,"column":51}},"26":{"start":{"line":73,"column":6},"end":{"line":73,"column":18}},"27":{"start":{"line":77,"column":29},"end":{"line":85,"column":3}},"28":{"start":{"line":78,"column":4},"end":{"line":84,"column":5}},"29":{"start":{"line":79,"column":6},"end":{"line":79,"column":46}},"30":{"start":{"line":80,"column":6},"end":{"line":80,"column":36}},"31":{"start":{"line":82,"column":6},"end":{"line":82,"column":62}},"32":{"start":{"line":83,"column":6},"end":{"line":83,"column":18}},"33":{"start":{"line":87,"column":27},"end":{"line":95,"column":3}},"34":{"start":{"line":88,"column":4},"end":{"line":94,"column":5}},"35":{"start":{"line":89,"column":6},"end":{"line":89,"column":44}},"36":{"start":{"line":90,"column":6},"end":{"line":90,"column":34}},"37":{"start":{"line":92,"column":6},"end":{"line":92,"column":61}},"38":{"start":{"line":93,"column":6},"end":{"line":93,"column":18}},"39":{"start":{"line":97,"column":31},"end":{"line":105,"column":3}},"40":{"start":{"line":98,"column":4},"end":{"line":104,"column":5}},"41":{"start":{"line":99,"column":6},"end":{"line":99,"column":51}},"42":{"start":{"line":100,"column":6},"end":{"line":100,"column":41}},"43":{"start":{"line":102,"column":6},"end":{"line":102,"column":64}},"44":{"start":{"line":103,"column":6},"end":{"line":103,"column":18}},"45":{"start":{"line":107,"column":27},"end":{"line":115,"column":3}},"46":{"start":{"line":108,"column":4},"end":{"line":114,"column":5}},"47":{"start":{"line":109,"column":6},"end":{"line":109,"column":47}},"48":{"start":{"line":110,"column":6},"end":{"line":110,"column":37}},"49":{"start":{"line":112,"column":6},"end":{"line":112,"column":60}},"50":{"start":{"line":113,"column":6},"end":{"line":113,"column":18}},"51":{"start":{"line":117,"column":31},"end":{"line":119,"column":3}},"52":{"start":{"line":118,"column":4},"end":{"line":118,"column":54}},"53":{"start":{"line":121,"column":29},"end":{"line":123,"column":3}},"54":{"start":{"line":122,"column":4},"end":{"line":122,"column":52}},"55":{"start":{"line":125,"column":29},"end":{"line":130,"column":3}},"56":{"start":{"line":126,"column":4},"end":{"line":128,"column":5}},"57":{"start":{"line":127,"column":6},"end":{"line":127,"column":43}},"58":{"start":{"line":129,"column":4},"end":{"line":129,"column":28}},"59":{"start":{"line":132,"column":27},"end":{"line":139,"column":3}},"60":{"start":{"line":134,"column":4},"end":{"line":138,"column":5}},"61":{"start":{"line":135,"column":6},"end":{"line":135,"column":37}},"62":{"start":{"line":137,"column":6},"end":{"line":137,"column":39}},"63":{"start":{"line":141,"column":37},"end":{"line":157,"column":3}},"64":{"start":{"line":159,"column":2},"end":{"line":163,"column":4}},"65":{"start":{"line":166,"column":27},"end":{"line":172,"column":1}},"66":{"start":{"line":167,"column":18},"end":{"line":167,"column":45}},"67":{"start":{"line":168,"column":2},"end":{"line":170,"column":3}},"68":{"start":{"line":169,"column":4},"end":{"line":169,"column":72}},"69":{"start":{"line":171,"column":2},"end":{"line":171,"column":17}}},"fnMap":{"0":{"name":"(anonymous_0)","decl":{"start":{"line":37,"column":65},"end":{"line":37,"column":66}},"loc":{"start":{"line":37,"column":83},"end":{"line":164,"column":1}},"line":37},"1":{"name":"(anonymous_1)","decl":{"start":{"line":46,"column":12},"end":{"line":46,"column":13}},"loc":{"start":{"line":46,"column":18},"end":{"line":48,"column":3}},"line":46},"2":{"name":"(anonymous_2)","decl":{"start":{"line":50,"column":23},"end":{"line":50,"column":24}},"loc":{"start":{"line":50,"column":35},"end":{"line":65,"column":3}},"line":50},"3":{"name":"(anonymous_3)","decl":{"start":{"line":67,"column":19},"end":{"line":67,"column":20}},"loc":{"start":{"line":67,"column":50},"end":{"line":75,"column":3}},"line":67},"4":{"name":"(anonymous_4)","decl":{"start":{"line":77,"column":29},"end":{"line":77,"column":30}},"loc":{"start":{"line":77,"column":62},"end":{"line":85,"column":3}},"line":77},"5":{"name":"(anonymous_5)","decl":{"start":{"line":87,"column":27},"end":{"line":87,"column":28}},"loc":{"start":{"line":87,"column":58},"end":{"line":95,"column":3}},"line":87},"6":{"name":"(anonymous_6)","decl":{"start":{"line":97,"column":31},"end":{"line":97,"column":32}},"loc":{"start":{"line":97,"column":59},"end":{"line":105,"column":3}},"line":97},"7":{"name":"(anonymous_7)","decl":{"start":{"line":107,"column":27},"end":{"line":107,"column":28}},"loc":{"start":{"line":107,"column":55},"end":{"line":115,"column":3}},"line":107},"8":{"name":"(anonymous_8)","decl":{"start":{"line":117,"column":31},"end":{"line":117,"column":32}},"loc":{"start":{"line":117,"column":45},"end":{"line":119,"column":3}},"line":117},"9":{"name":"(anonymous_9)","decl":{"start":{"line":121,"column":29},"end":{"line":121,"column":30}},"loc":{"start":{"line":121,"column":43},"end":{"line":123,"column":3}},"line":121},"10":{"name":"(anonymous_10)","decl":{"start":{"line":125,"column":29},"end":{"line":125,"column":30}},"loc":{"start":{"line":125,"column":55},"end":{"line":130,"column":3}},"line":125},"11":{"name":"(anonymous_11)","decl":{"start":{"line":132,"column":27},"end":{"line":132,"column":28}},"loc":{"start":{"line":132,"column":54},"end":{"line":139,"column":3}},"line":132},"12":{"name":"(anonymous_12)","decl":{"start":{"line":166,"column":27},"end":{"line":166,"column":28}},"loc":{"start":{"line":166,"column":54},"end":{"line":172,"column":1}},"line":166}},"branchMap":{"0":{"loc":{"start":{"line":118,"column":11},"end":{"line":118,"column":53}},"type":"cond-expr","locations":[{"start":{"line":118,"column":42},"end":{"line":118,"column":46}},{"start":{"line":118,"column":49},"end":{"line":118,"column":53}}],"line":118},"1":{"loc":{"start":{"line":122,"column":11},"end":{"line":122,"column":51}},"type":"cond-expr","locations":[{"start":{"line":122,"column":37},"end":{"line":122,"column":43}},{"start":{"line":122,"column":46},"end":{"line":122,"column":51}}],"line":122},"2":{"loc":{"start":{"line":126,"column":4},"end":{"line":128,"column":5}},"type":"if","locations":[{"start":{"line":126,"column":4},"end":{"line":128,"column":5}},{"start":{},"end":{}}],"line":126},"3":{"loc":{"start":{"line":134,"column":4},"end":{"line":138,"column":5}},"type":"if","locations":[{"start":{"line":134,"column":4},"end":{"line":138,"column":5}},{"start":{"line":136,"column":11},"end":{"line":138,"column":5}}],"line":134},"4":{"loc":{"start":{"line":168,"column":2},"end":{"line":170,"column":3}},"type":"if","locations":[{"start":{"line":168,"column":2},"end":{"line":170,"column":3}},{"start":{},"end":{}}],"line":168}},"s":{"0":2,"1":2,"2":47,"3":47,"4":47,"5":47,"6":47,"7":47,"8":47,"9":19,"10":47,"11":19,"12":19,"13":19,"14":18,"15":18,"16":18,"17":18,"18":18,"19":1,"20":19,"21":47,"22":3,"23":3,"24":2,"25":1,"26":1,"27":47,"28":4,"29":4,"30":4,"31":0,"32":0,"33":47,"34":4,"35":4,"36":4,"37":0,"38":0,"39":47,"40":2,"41":2,"42":2,"43":0,"44":0,"45":47,"46":1,"47":1,"48":1,"49":0,"50":0,"51":47,"52":4,"53":47,"54":4,"55":47,"56":5,"57":3,"58":2,"59":47,"60":4,"61":2,"62":2,"63":47,"64":47,"65":2,"66":51,"67":51,"68":0,"69":51},"f":{"0":47,"1":19,"2":19,"3":3,"4":4,"5":4,"6":2,"7":1,"8":4,"9":4,"10":5,"11":4,"12":51},"b":{"0":[2,2],"1":[2,2],"2":[3,2],"3":[2,2],"4":[0,51]},"_coverageSchema":"1a1c01bbd47fc00a2c39e90264f33305004495a9","hash":"1b3c3e6c5947c93c9478c4d080c65bf5c700b3a2"}
,"/home/sergey/University/mobile/Mobile/contexts/WeatherContext.tsx": {"path":"/home/sergey/University/mobile/Mobile/contexts/WeatherContext.tsx","statementMap":{"0":{"start":{"line":36,"column":23},"end":{"line":36,"column":79}},"1":{"start":{"line":42,"column":24},"end":{"line":42,"column":30}},"2":{"start":{"line":43,"column":42},"end":{"line":48,"column":1}},"3":{"start":{"line":50,"column":63},"end":{"line":404,"column":1}},"4":{"start":{"line":53,"column":30},"end":{"line":53,"column":43}},"5":{"start":{"line":56,"column":4},"end":{"line":56,"column":49}},"6":{"start":{"line":57,"column":34},"end":{"line":59,"column":3}},"7":{"start":{"line":61,"column":4},"end":{"line":61,"column":46}},"8":{"start":{"line":62,"column":42},"end":{"line":62,"column":77}},"9":{"start":{"line":63,"column":36},"end":{"line":63,"column":59}},"10":{"start":{"line":64,"column":42},"end":{"line":64,"column":66}},"11":{"start":{"line":65,"column":28},"end":{"line":65,"column":57}},"12":{"start":{"line":66,"column":46},"end":{"line":66,"column":75}},"13":{"start":{"line":67,"column":58},"end":{"line":69,"column":14}},"14":{"start":{"line":72,"column":2},"end":{"line":74,"column":9}},"15":{"start":{"line":73,"column":4},"end":{"line":73,"column":25}},"16":{"start":{"line":77,"column":29},"end":{"line":88,"column":3}},"17":{"start":{"line":78,"column":4},"end":{"line":87,"column":5}},"18":{"start":{"line":79,"column":6},"end":{"line":79,"column":35}},"19":{"start":{"line":81,"column":6},"end":{"line":81,"column":43}},"20":{"start":{"line":82,"column":6},"end":{"line":82,"column":30}},"21":{"start":{"line":84,"column":6},"end":{"line":84,"column":64}},"22":{"start":{"line":86,"column":6},"end":{"line":86,"column":30}},"23":{"start":{"line":91,"column":2},"end":{"line":99,"column":37}},"24":{"start":{"line":92,"column":21},"end":{"line":96,"column":23}},"25":{"start":{"line":93,"column":6},"end":{"line":95,"column":7}},"26":{"start":{"line":94,"column":8},"end":{"line":94,"column":29}},"27":{"start":{"line":98,"column":4},"end":{"line":98,"column":41}},"28":{"start":{"line":98,"column":17},"end":{"line":98,"column":40}},"29":{"start":{"line":102,"column":2},"end":{"line":106,"column":24}},"30":{"start":{"line":103,"column":4},"end":{"line":105,"column":5}},"31":{"start":{"line":104,"column":6},"end":{"line":104,"column":27}},"32":{"start":{"line":111,"column":32},"end":{"line":136,"column":3}},"33":{"start":{"line":112,"column":4},"end":{"line":135,"column":5}},"34":{"start":{"line":113,"column":6},"end":{"line":113,"column":25}},"35":{"start":{"line":114,"column":6},"end":{"line":114,"column":21}},"36":{"start":{"line":117,"column":24},"end":{"line":117,"column":54}},"37":{"start":{"line":120,"column":21},"end":{"line":120,"column":52}},"38":{"start":{"line":121,"column":6},"end":{"line":121,"column":30}},"39":{"start":{"line":123,"column":25},"end":{"line":123,"column":50}},"40":{"start":{"line":124,"column":6},"end":{"line":124,"column":38}},"41":{"start":{"line":125,"column":6},"end":{"line":125,"column":43}},"42":{"start":{"line":127,"column":6},"end":{"line":129,"column":7}},"43":{"start":{"line":128,"column":8},"end":{"line":128,"column":52}},"44":{"start":{"line":131,"column":6},"end":{"line":131,"column":61}},"45":{"start":{"line":132,"column":6},"end":{"line":132,"column":46}},"46":{"start":{"line":134,"column":6},"end":{"line":134,"column":26}},"47":{"start":{"line":141,"column":29},"end":{"line":235,"column":3}},"48":{"start":{"line":142,"column":4},"end":{"line":234,"column":5}},"49":{"start":{"line":143,"column":20},"end":{"line":143,"column":72}},"50":{"start":{"line":146,"column":27},"end":{"line":146,"column":72}},"51":{"start":{"line":148,"column":6},"end":{"line":189,"column":7}},"52":{"start":{"line":150,"column":30},"end":{"line":150,"column":77}},"53":{"start":{"line":151,"column":29},"end":{"line":154,"column":9}},"54":{"start":{"line":155,"column":28},"end":{"line":158,"column":9}},"55":{"start":{"line":160,"column":8},"end":{"line":188,"column":9}},"56":{"start":{"line":162,"column":54},"end":{"line":173,"column":11}},"57":{"start":{"line":175,"column":10},"end":{"line":175,"column":41}},"58":{"start":{"line":176,"column":10},"end":{"line":176,"column":61}},"59":{"start":{"line":178,"column":10},"end":{"line":183,"column":11}},"60":{"start":{"line":179,"column":12},"end":{"line":182,"column":15}},"61":{"start":{"line":185,"column":10},"end":{"line":185,"column":53}},"62":{"start":{"line":186,"column":10},"end":{"line":186,"column":25}},"63":{"start":{"line":187,"column":10},"end":{"line":187,"column":17}},"64":{"start":{"line":192,"column":38},"end":{"line":195,"column":8}},"65":{"start":{"line":198,"column":6},"end":{"line":211,"column":9}},"66":{"start":{"line":214,"column":6},"end":{"line":218,"column":8}},"67":{"start":{"line":219,"column":6},"end":{"line":223,"column":8}},"68":{"start":{"line":226,"column":6},"end":{"line":226,"column":33}},"69":{"start":{"line":227,"column":6},"end":{"line":227,"column":32}},"70":{"start":{"line":228,"column":6},"end":{"line":228,"column":36}},"71":{"start":{"line":229,"column":6},"end":{"line":229,"column":51}},"72":{"start":{"line":230,"column":6},"end":{"line":230,"column":21}},"73":{"start":{"line":232,"column":6},"end":{"line":232,"column":60}},"74":{"start":{"line":233,"column":6},"end":{"line":233,"column":16}},"75":{"start":{"line":240,"column":26},"end":{"line":253,"column":3}},"76":{"start":{"line":241,"column":4},"end":{"line":241,"column":29}},"77":{"start":{"line":241,"column":22},"end":{"line":241,"column":29}},"78":{"start":{"line":243,"column":4},"end":{"line":252,"column":5}},"79":{"start":{"line":244,"column":6},"end":{"line":244,"column":25}},"80":{"start":{"line":245,"column":6},"end":{"line":245,"column":21}},"81":{"start":{"line":246,"column":6},"end":{"line":246,"column":44}},"82":{"start":{"line":248,"column":6},"end":{"line":248,"column":56}},"83":{"start":{"line":249,"column":6},"end":{"line":249,"column":55}},"84":{"start":{"line":251,"column":6},"end":{"line":251,"column":26}},"85":{"start":{"line":258,"column":29},"end":{"line":271,"column":3}},"86":{"start":{"line":259,"column":4},"end":{"line":259,"column":29}},"87":{"start":{"line":259,"column":22},"end":{"line":259,"column":29}},"88":{"start":{"line":261,"column":4},"end":{"line":270,"column":5}},"89":{"start":{"line":262,"column":6},"end":{"line":262,"column":28}},"90":{"start":{"line":263,"column":6},"end":{"line":263,"column":21}},"91":{"start":{"line":264,"column":6},"end":{"line":264,"column":44}},"92":{"start":{"line":266,"column":6},"end":{"line":266,"column":59}},"93":{"start":{"line":267,"column":6},"end":{"line":267,"column":45}},"94":{"start":{"line":269,"column":6},"end":{"line":269,"column":29}},"95":{"start":{"line":276,"column":18},"end":{"line":298,"column":3}},"96":{"start":{"line":277,"column":4},"end":{"line":297,"column":5}},"97":{"start":{"line":278,"column":6},"end":{"line":278,"column":25}},"98":{"start":{"line":279,"column":6},"end":{"line":279,"column":21}},"99":{"start":{"line":282,"column":6},"end":{"line":282,"column":32}},"100":{"start":{"line":283,"column":6},"end":{"line":283,"column":42}},"101":{"start":{"line":286,"column":6},"end":{"line":286,"column":40}},"102":{"start":{"line":287,"column":21},"end":{"line":287,"column":52}},"103":{"start":{"line":288,"column":6},"end":{"line":288,"column":30}},"104":{"start":{"line":291,"column":6},"end":{"line":291,"column":37}},"105":{"start":{"line":293,"column":6},"end":{"line":293,"column":48}},"106":{"start":{"line":294,"column":6},"end":{"line":294,"column":68}},"107":{"start":{"line":296,"column":6},"end":{"line":296,"column":26}},"108":{"start":{"line":303,"column":30},"end":{"line":383,"column":3}},"109":{"start":{"line":304,"column":4},"end":{"line":382,"column":5}},"110":{"start":{"line":305,"column":6},"end":{"line":305,"column":25}},"111":{"start":{"line":306,"column":6},"end":{"line":306,"column":21}},"112":{"start":{"line":308,"column":20},"end":{"line":308,"column":72}},"113":{"start":{"line":311,"column":22},"end":{"line":315,"column":7}},"114":{"start":{"line":316,"column":27},"end":{"line":320,"column":7}},"115":{"start":{"line":323,"column":40},"end":{"line":328,"column":7}},"116":{"start":{"line":331,"column":6},"end":{"line":331,"column":33}},"117":{"start":{"line":332,"column":6},"end":{"line":332,"column":32}},"118":{"start":{"line":333,"column":6},"end":{"line":333,"column":32}},"119":{"start":{"line":334,"column":6},"end":{"line":334,"column":36}},"120":{"start":{"line":335,"column":6},"end":{"line":335,"column":51}},"121":{"start":{"line":336,"column":6},"end":{"line":336,"column":21}},"122":{"start":{"line":339,"column":6},"end":{"line":375,"column":11}},"123":{"start":{"line":369,"column":25},"end":{"line":369,"column":56}},"124":{"start":{"line":370,"column":10},"end":{"line":370,"column":34}},"125":{"start":{"line":373,"column":10},"end":{"line":373,"column":65}},"126":{"start":{"line":377,"column":6},"end":{"line":377,"column":61}},"127":{"start":{"line":378,"column":6},"end":{"line":378,"column":55}},"128":{"start":{"line":379,"column":6},"end":{"line":379,"column":16}},"129":{"start":{"line":381,"column":6},"end":{"line":381,"column":26}},"130":{"start":{"line":385,"column":36},"end":{"line":399,"column":3}},"131":{"start":{"line":401,"column":2},"end":{"line":403,"column":4}},"132":{"start":{"line":406,"column":26},"end":{"line":412,"column":1}},"133":{"start":{"line":407,"column":18},"end":{"line":407,"column":44}},"134":{"start":{"line":408,"column":2},"end":{"line":410,"column":3}},"135":{"start":{"line":409,"column":4},"end":{"line":409,"column":70}},"136":{"start":{"line":411,"column":2},"end":{"line":411,"column":17}}},"fnMap":{"0":{"name":"(anonymous_0)","decl":{"start":{"line":50,"column":63},"end":{"line":50,"column":64}},"loc":{"start":{"line":52,"column":6},"end":{"line":404,"column":1}},"line":52},"1":{"name":"(anonymous_1)","decl":{"start":{"line":72,"column":12},"end":{"line":72,"column":13}},"loc":{"start":{"line":72,"column":18},"end":{"line":74,"column":3}},"line":72},"2":{"name":"(anonymous_2)","decl":{"start":{"line":77,"column":29},"end":{"line":77,"column":30}},"loc":{"start":{"line":77,"column":41},"end":{"line":88,"column":3}},"line":77},"3":{"name":"(anonymous_3)","decl":{"start":{"line":91,"column":12},"end":{"line":91,"column":13}},"loc":{"start":{"line":91,"column":18},"end":{"line":99,"column":3}},"line":91},"4":{"name":"(anonymous_4)","decl":{"start":{"line":92,"column":33},"end":{"line":92,"column":34}},"loc":{"start":{"line":92,"column":39},"end":{"line":96,"column":5}},"line":92},"5":{"name":"(anonymous_5)","decl":{"start":{"line":98,"column":11},"end":{"line":98,"column":12}},"loc":{"start":{"line":98,"column":17},"end":{"line":98,"column":40}},"line":98},"6":{"name":"(anonymous_6)","decl":{"start":{"line":102,"column":12},"end":{"line":102,"column":13}},"loc":{"start":{"line":102,"column":18},"end":{"line":106,"column":3}},"line":102},"7":{"name":"(anonymous_7)","decl":{"start":{"line":111,"column":32},"end":{"line":111,"column":33}},"loc":{"start":{"line":111,"column":44},"end":{"line":136,"column":3}},"line":111},"8":{"name":"(anonymous_8)","decl":{"start":{"line":141,"column":29},"end":{"line":141,"column":30}},"loc":{"start":{"line":141,"column":66},"end":{"line":235,"column":3}},"line":141},"9":{"name":"(anonymous_9)","decl":{"start":{"line":240,"column":26},"end":{"line":240,"column":27}},"loc":{"start":{"line":240,"column":38},"end":{"line":253,"column":3}},"line":240},"10":{"name":"(anonymous_10)","decl":{"start":{"line":258,"column":29},"end":{"line":258,"column":30}},"loc":{"start":{"line":258,"column":41},"end":{"line":271,"column":3}},"line":258},"11":{"name":"(anonymous_11)","decl":{"start":{"line":276,"column":18},"end":{"line":276,"column":19}},"loc":{"start":{"line":276,"column":55},"end":{"line":298,"column":3}},"line":276},"12":{"name":"(anonymous_12)","decl":{"start":{"line":303,"column":30},"end":{"line":303,"column":31}},"loc":{"start":{"line":303,"column":66},"end":{"line":383,"column":3}},"line":303},"13":{"name":"(anonymous_13)","decl":{"start":{"line":367,"column":14},"end":{"line":367,"column":15}},"loc":{"start":{"line":367,"column":26},"end":{"line":371,"column":9}},"line":367},"14":{"name":"(anonymous_14)","decl":{"start":{"line":372,"column":15},"end":{"line":372,"column":16}},"loc":{"start":{"line":372,"column":24},"end":{"line":375,"column":9}},"line":372},"15":{"name":"(anonymous_15)","decl":{"start":{"line":406,"column":26},"end":{"line":406,"column":27}},"loc":{"start":{"line":406,"column":52},"end":{"line":412,"column":1}},"line":406}},"branchMap":{"0":{"loc":{"start":{"line":93,"column":6},"end":{"line":95,"column":7}},"type":"if","locations":[{"start":{"line":93,"column":6},"end":{"line":95,"column":7}},{"start":{},"end":{}}],"line":93},"1":{"loc":{"start":{"line":103,"column":4},"end":{"line":105,"column":5}},"type":"if","locations":[{"start":{"line":103,"column":4},"end":{"line":105,"column":5}},{"start":{},"end":{}}],"line":103},"2":{"loc":{"start":{"line":103,"column":8},"end":{"line":103,"column":33}},"type":"binary-expr","locations":[{"start":{"line":103,"column":8},"end":{"line":103,"column":19}},{"start":{"line":103,"column":23},"end":{"line":103,"column":33}}],"line":103},"3":{"loc":{"start":{"line":123,"column":25},"end":{"line":123,"column":50}},"type":"binary-expr","locations":[{"start":{"line":123,"column":25},"end":{"line":123,"column":34}},{"start":{"line":123,"column":38},"end":{"line":123,"column":50}}],"line":123},"4":{"loc":{"start":{"line":127,"column":6},"end":{"line":129,"column":7}},"type":"if","locations":[{"start":{"line":127,"column":6},"end":{"line":129,"column":7}},{"start":{},"end":{}}],"line":127},"5":{"loc":{"start":{"line":143,"column":20},"end":{"line":143,"column":72}},"type":"cond-expr","locations":[{"start":{"line":143,"column":51},"end":{"line":143,"column":59}},{"start":{"line":143,"column":62},"end":{"line":143,"column":72}}],"line":143},"6":{"loc":{"start":{"line":148,"column":6},"end":{"line":189,"column":7}},"type":"if","locations":[{"start":{"line":148,"column":6},"end":{"line":189,"column":7}},{"start":{},"end":{}}],"line":148},"7":{"loc":{"start":{"line":160,"column":8},"end":{"line":188,"column":9}},"type":"if","locations":[{"start":{"line":160,"column":8},"end":{"line":188,"column":9}},{"start":{},"end":{}}],"line":160},"8":{"loc":{"start":{"line":178,"column":10},"end":{"line":183,"column":11}},"type":"if","locations":[{"start":{"line":178,"column":10},"end":{"line":183,"column":11}},{"start":{},"end":{}}],"line":178},"9":{"loc":{"start":{"line":178,"column":14},"end":{"line":178,"column":41}},"type":"binary-expr","locations":[{"start":{"line":178,"column":14},"end":{"line":178,"column":26}},{"start":{"line":178,"column":30},"end":{"line":178,"column":41}}],"line":178},"10":{"loc":{"start":{"line":241,"column":4},"end":{"line":241,"column":29}},"type":"if","locations":[{"start":{"line":241,"column":4},"end":{"line":241,"column":29}},{"start":{},"end":{}}],"line":241},"11":{"loc":{"start":{"line":259,"column":4},"end":{"line":259,"column":29}},"type":"if","locations":[{"start":{"line":259,"column":4},"end":{"line":259,"column":29}},{"start":{},"end":{}}],"line":259},"12":{"loc":{"start":{"line":308,"column":20},"end":{"line":308,"column":72}},"type":"cond-expr","locations":[{"start":{"line":308,"column":51},"end":{"line":308,"column":59}},{"start":{"line":308,"column":62},"end":{"line":308,"column":72}}],"line":308},"13":{"loc":{"start":{"line":408,"column":2},"end":{"line":410,"column":3}},"type":"if","locations":[{"start":{"line":408,"column":2},"end":{"line":410,"column":3}},{"start":{},"end":{}}],"line":408}},"s":{"0":1,"1":1,"2":1,"3":1,"4":18,"5":18,"6":18,"7":18,"8":18,"9":18,"10":18,"11":18,"12":18,"13":18,"14":18,"15":7,"16":18,"17":7,"18":7,"19":6,"20":6,"21":1,"22":1,"23":18,"24":16,"25":0,"26":0,"27":16,"28":16,"29":18,"30":7,"31":0,"32":18,"33":7,"34":7,"35":7,"36":7,"37":7,"38":7,"39":7,"40":7,"41":7,"42":5,"43":5,"44":2,"45":2,"46":7,"47":18,"48":9,"49":9,"50":9,"51":8,"52":1,"53":1,"54":1,"55":1,"56":1,"57":1,"58":1,"59":1,"60":1,"61":1,"62":1,"63":1,"64":7,"65":6,"66":6,"67":6,"68":6,"69":6,"70":6,"71":6,"72":6,"73":2,"74":2,"75":18,"76":0,"77":0,"78":0,"79":0,"80":0,"81":0,"82":0,"83":0,"84":0,"85":18,"86":1,"87":0,"88":1,"89":1,"90":1,"91":1,"92":0,"93":0,"94":1,"95":18,"96":1,"97":1,"98":1,"99":1,"100":1,"101":1,"102":1,"103":1,"104":1,"105":0,"106":0,"107":1,"108":18,"109":1,"110":1,"111":1,"112":1,"113":1,"114":1,"115":1,"116":1,"117":1,"118":1,"119":1,"120":1,"121":1,"122":1,"123":1,"124":1,"125":0,"126":0,"127":0,"128":0,"129":1,"130":18,"131":18,"132":1,"133":17,"134":17,"135":0,"136":17},"f":{"0":18,"1":7,"2":7,"3":16,"4":0,"5":16,"6":7,"7":7,"8":9,"9":0,"10":1,"11":1,"12":1,"13":1,"14":0,"15":17},"b":{"0":[0,0],"1":[0,7],"2":[7,0],"3":[7,7],"4":[5,0],"5":[9,0],"6":[1,7],"7":[1,0],"8":[1,0],"9":[1,1],"10":[0,0],"11":[0,1],"12":[1,0],"13":[0,17]},"_coverageSchema":"1a1c01bbd47fc00a2c39e90264f33305004495a9","hash":"11133a12c8343704ccccebf1291cfb495b006b99"}
,"/home/sergey/University/mobile/Mobile/services/database.ts": {"path":"/home/sergey/University/mobile/Mobile/services/database.ts","statementMap":{"0":{"start":{"line":4,"column":18},"end":{"line":4,"column":22}},"1":{"start":{"line":5,"column":0},"end":{"line":7,"column":1}},"2":{"start":{"line":6,"column":2},"end":{"line":6,"column":34}},"3":{"start":{"line":34,"column":27},"end":{"line":34,"column":31}},"4":{"start":{"line":38,"column":4},"end":{"line":43,"column":5}},"5":{"start":{"line":39,"column":6},"end":{"line":41,"column":8}},"6":{"start":{"line":42,"column":6},"end":{"line":42,"column":13}},"7":{"start":{"line":45,"column":4},"end":{"line":51,"column":5}},"8":{"start":{"line":46,"column":6},"end":{"line":46,"column":61}},"9":{"start":{"line":47,"column":6},"end":{"line":47,"column":32}},"10":{"start":{"line":49,"column":6},"end":{"line":49,"column":64}},"11":{"start":{"line":50,"column":6},"end":{"line":50,"column":18}},"12":{"start":{"line":55,"column":4},"end":{"line":55,"column":25}},"13":{"start":{"line":55,"column":18},"end":{"line":55,"column":25}},"14":{"start":{"line":58,"column":4},"end":{"line":75,"column":7}},"15":{"start":{"line":78,"column":4},"end":{"line":87,"column":7}},"16":{"start":{"line":90,"column":4},"end":{"line":95,"column":7}},"17":{"start":{"line":100,"column":4},"end":{"line":100,"column":25}},"18":{"start":{"line":100,"column":18},"end":{"line":100,"column":25}},"19":{"start":{"line":102,"column":4},"end":{"line":126,"column":5}},"20":{"start":{"line":103,"column":6},"end":{"line":122,"column":8}},"21":{"start":{"line":124,"column":6},"end":{"line":124,"column":65}},"22":{"start":{"line":125,"column":6},"end":{"line":125,"column":18}},"23":{"start":{"line":131,"column":4},"end":{"line":131,"column":30}},"24":{"start":{"line":131,"column":18},"end":{"line":131,"column":30}},"25":{"start":{"line":133,"column":4},"end":{"line":142,"column":5}},"26":{"start":{"line":134,"column":21},"end":{"line":137,"column":7}},"27":{"start":{"line":138,"column":6},"end":{"line":138,"column":28}},"28":{"start":{"line":140,"column":6},"end":{"line":140,"column":64}},"29":{"start":{"line":141,"column":6},"end":{"line":141,"column":18}},"30":{"start":{"line":151,"column":4},"end":{"line":151,"column":25}},"31":{"start":{"line":151,"column":18},"end":{"line":151,"column":25}},"32":{"start":{"line":153,"column":4},"end":{"line":163,"column":5}},"33":{"start":{"line":154,"column":6},"end":{"line":159,"column":8}},"34":{"start":{"line":161,"column":6},"end":{"line":161,"column":58}},"35":{"start":{"line":162,"column":6},"end":{"line":162,"column":18}},"36":{"start":{"line":171,"column":4},"end":{"line":171,"column":30}},"37":{"start":{"line":171,"column":18},"end":{"line":171,"column":30}},"38":{"start":{"line":173,"column":4},"end":{"line":186,"column":5}},"39":{"start":{"line":174,"column":21},"end":{"line":177,"column":7}},"40":{"start":{"line":179,"column":6},"end":{"line":181,"column":7}},"41":{"start":{"line":180,"column":8},"end":{"line":180,"column":47}},"42":{"start":{"line":182,"column":6},"end":{"line":182,"column":18}},"43":{"start":{"line":184,"column":6},"end":{"line":184,"column":57}},"44":{"start":{"line":185,"column":6},"end":{"line":185,"column":18}},"45":{"start":{"line":194,"column":4},"end":{"line":194,"column":31}},"46":{"start":{"line":194,"column":18},"end":{"line":194,"column":31}},"47":{"start":{"line":196,"column":4},"end":{"line":209,"column":5}},"48":{"start":{"line":197,"column":21},"end":{"line":200,"column":7}},"49":{"start":{"line":202,"column":6},"end":{"line":202,"column":32}},"50":{"start":{"line":202,"column":19},"end":{"line":202,"column":32}},"51":{"start":{"line":204,"column":18},"end":{"line":204,"column":47}},"52":{"start":{"line":205,"column":6},"end":{"line":205,"column":26}},"53":{"start":{"line":207,"column":6},"end":{"line":207,"column":52}},"54":{"start":{"line":208,"column":6},"end":{"line":208,"column":19}},"55":{"start":{"line":214,"column":4},"end":{"line":214,"column":28}},"56":{"start":{"line":214,"column":18},"end":{"line":214,"column":28}},"57":{"start":{"line":216,"column":4},"end":{"line":225,"column":5}},"58":{"start":{"line":217,"column":22},"end":{"line":220,"column":7}},"59":{"start":{"line":221,"column":6},"end":{"line":221,"column":21}},"60":{"start":{"line":223,"column":6},"end":{"line":223,"column":60}},"61":{"start":{"line":224,"column":6},"end":{"line":224,"column":16}},"62":{"start":{"line":230,"column":4},"end":{"line":230,"column":25}},"63":{"start":{"line":230,"column":18},"end":{"line":230,"column":25}},"64":{"start":{"line":232,"column":25},"end":{"line":232,"column":61}},"65":{"start":{"line":234,"column":4},"end":{"line":243,"column":5}},"66":{"start":{"line":235,"column":6},"end":{"line":237,"column":9}},"67":{"start":{"line":238,"column":6},"end":{"line":240,"column":9}},"68":{"start":{"line":242,"column":6},"end":{"line":242,"column":60}},"69":{"start":{"line":248,"column":4},"end":{"line":248,"column":28}},"70":{"start":{"line":248,"column":18},"end":{"line":248,"column":28}},"71":{"start":{"line":250,"column":4},"end":{"line":258,"column":5}},"72":{"start":{"line":251,"column":22},"end":{"line":253,"column":7}},"73":{"start":{"line":254,"column":6},"end":{"line":254,"column":45}},"74":{"start":{"line":254,"column":37},"end":{"line":254,"column":43}},"75":{"start":{"line":256,"column":6},"end":{"line":256,"column":63}},"76":{"start":{"line":257,"column":6},"end":{"line":257,"column":16}},"77":{"start":{"line":262,"column":31},"end":{"line":262,"column":52}}},"fnMap":{"0":{"name":"(anonymous_0)","decl":{"start":{"line":36,"column":2},"end":{"line":36,"column":3}},"loc":{"start":{"line":36,"column":15},"end":{"line":52,"column":3}},"line":36},"1":{"name":"(anonymous_1)","decl":{"start":{"line":54,"column":2},"end":{"line":54,"column":3}},"loc":{"start":{"line":54,"column":31},"end":{"line":96,"column":3}},"line":54},"2":{"name":"(anonymous_2)","decl":{"start":{"line":99,"column":2},"end":{"line":99,"column":3}},"loc":{"start":{"line":99,"column":64},"end":{"line":127,"column":3}},"line":99},"3":{"name":"(anonymous_3)","decl":{"start":{"line":130,"column":2},"end":{"line":130,"column":3}},"loc":{"start":{"line":130,"column":72},"end":{"line":143,"column":3}},"line":130},"4":{"name":"(anonymous_4)","decl":{"start":{"line":146,"column":2},"end":{"line":146,"column":3}},"loc":{"start":{"line":150,"column":19},"end":{"line":164,"column":3}},"line":150},"5":{"name":"(anonymous_5)","decl":{"start":{"line":167,"column":2},"end":{"line":167,"column":3}},"loc":{"start":{"line":170,"column":25},"end":{"line":187,"column":3}},"line":170},"6":{"name":"(anonymous_6)","decl":{"start":{"line":190,"column":2},"end":{"line":190,"column":3}},"loc":{"start":{"line":193,"column":22},"end":{"line":210,"column":3}},"line":193},"7":{"name":"(anonymous_7)","decl":{"start":{"line":213,"column":2},"end":{"line":213,"column":3}},"loc":{"start":{"line":213,"column":70},"end":{"line":226,"column":3}},"line":213},"8":{"name":"(anonymous_8)","decl":{"start":{"line":229,"column":2},"end":{"line":229,"column":3}},"loc":{"start":{"line":229,"column":38},"end":{"line":244,"column":3}},"line":229},"9":{"name":"(anonymous_9)","decl":{"start":{"line":247,"column":2},"end":{"line":247,"column":3}},"loc":{"start":{"line":247,"column":48},"end":{"line":259,"column":3}},"line":247},"10":{"name":"(anonymous_10)","decl":{"start":{"line":254,"column":25},"end":{"line":254,"column":26}},"loc":{"start":{"line":254,"column":37},"end":{"line":254,"column":43}},"line":254}},"branchMap":{"0":{"loc":{"start":{"line":5,"column":0},"end":{"line":7,"column":1}},"type":"if","locations":[{"start":{"line":5,"column":0},"end":{"line":7,"column":1}},{"start":{},"end":{}}],"line":5},"1":{"loc":{"start":{"line":38,"column":4},"end":{"line":43,"column":5}},"type":"if","locations":[{"start":{"line":38,"column":4},"end":{"line":43,"column":5}},{"start":{},"end":{}}],"line":38},"2":{"loc":{"start":{"line":55,"column":4},"end":{"line":55,"column":25}},"type":"if","locations":[{"start":{"line":55,"column":4},"end":{"line":55,"column":25}},{"start":{},"end":{}}],"line":55},"3":{"loc":{"start":{"line":100,"column":4},"end":{"line":100,"column":25}},"type":"if","locations":[{"start":{"line":100,"column":4},"end":{"line":100,"column":25}},{"start":{},"end":{}}],"line":100},"4":{"loc":{"start":{"line":131,"column":4},"end":{"line":131,"column":30}},"type":"if","locations":[{"start":{"line":131,"column":4},"end":{"line":131,"column":30}},{"start":{},"end":{}}],"line":131},"5":{"loc":{"start":{"line":138,"column":13},"end":{"line":138,"column":27}},"type":"binary-expr","locations":[{"start":{"line":138,"column":13},"end":{"line":138,"column":19}},{"start":{"line":138,"column":23},"end":{"line":138,"column":27}}],"line":138},"6":{"loc":{"start":{"line":151,"column":4},"end":{"line":151,"column":25}},"type":"if","locations":[{"start":{"line":151,"column":4},"end":{"line":151,"column":25}},{"start":{},"end":{}}],"line":151},"7":{"loc":{"start":{"line":171,"column":4},"end":{"line":171,"column":30}},"type":"if","locations":[{"start":{"line":171,"column":4},"end":{"line":171,"column":30}},{"start":{},"end":{}}],"line":171},"8":{"loc":{"start":{"line":179,"column":6},"end":{"line":181,"column":7}},"type":"if","locations":[{"start":{"line":179,"column":6},"end":{"line":181,"column":7}},{"start":{},"end":{}}],"line":179},"9":{"loc":{"start":{"line":179,"column":10},"end":{"line":179,"column":39}},"type":"binary-expr","locations":[{"start":{"line":179,"column":10},"end":{"line":179,"column":16}},{"start":{"line":179,"column":20},"end":{"line":179,"column":39}}],"line":179},"10":{"loc":{"start":{"line":192,"column":4},"end":{"line":192,"column":34}},"type":"default-arg","locations":[{"start":{"line":192,"column":21},"end":{"line":192,"column":34}}],"line":192},"11":{"loc":{"start":{"line":194,"column":4},"end":{"line":194,"column":31}},"type":"if","locations":[{"start":{"line":194,"column":4},"end":{"line":194,"column":31}},{"start":{},"end":{}}],"line":194},"12":{"loc":{"start":{"line":202,"column":6},"end":{"line":202,"column":32}},"type":"if","locations":[{"start":{"line":202,"column":6},"end":{"line":202,"column":32}},{"start":{},"end":{}}],"line":202},"13":{"loc":{"start":{"line":213,"column":21},"end":{"line":213,"column":38}},"type":"default-arg","locations":[{"start":{"line":213,"column":37},"end":{"line":213,"column":38}}],"line":213},"14":{"loc":{"start":{"line":214,"column":4},"end":{"line":214,"column":28}},"type":"if","locations":[{"start":{"line":214,"column":4},"end":{"line":214,"column":28}},{"start":{},"end":{}}],"line":214},"15":{"loc":{"start":{"line":230,"column":4},"end":{"line":230,"column":25}},"type":"if","locations":[{"start":{"line":230,"column":4},"end":{"line":230,"column":25}},{"start":{},"end":{}}],"line":230},"16":{"loc":{"start":{"line":248,"column":4},"end":{"line":248,"column":28}},"type":"if","locations":[{"start":{"line":248,"column":4},"end":{"line":248,"column":28}},{"start":{},"end":{}}],"line":248}},"s":{"0":4,"1":4,"2":4,"3":4,"4":54,"5":1,"6":1,"7":53,"8":53,"9":53,"10":0,"11":0,"12":53,"13":0,"14":53,"15":53,"16":53,"17":17,"18":0,"19":17,"20":17,"21":1,"22":1,"23":14,"24":0,"25":14,"26":14,"27":13,"28":1,"29":1,"30":6,"31":0,"32":6,"33":6,"34":1,"35":1,"36":7,"37":0,"38":7,"39":7,"40":6,"41":3,"42":3,"43":1,"44":1,"45":8,"46":0,"47":8,"48":8,"49":7,"50":1,"51":6,"52":6,"53":1,"54":1,"55":5,"56":0,"57":5,"58":5,"59":4,"60":1,"61":1,"62":4,"63":0,"64":4,"65":4,"66":4,"67":3,"68":1,"69":6,"70":0,"71":6,"72":6,"73":5,"74":6,"75":1,"76":1,"77":4},"f":{"0":54,"1":53,"2":17,"3":14,"4":6,"5":7,"6":8,"7":5,"8":4,"9":6,"10":6},"b":{"0":[4,0],"1":[1,53],"2":[0,53],"3":[0,17],"4":[0,14],"5":[13,2],"6":[0,6],"7":[0,7],"8":[3,3],"9":[6,3],"10":[7],"11":[0,8],"12":[1,6],"13":[3],"14":[0,5],"15":[0,4],"16":[0,6]},"_coverageSchema":"1a1c01bbd47fc00a2c39e90264f33305004495a9","hash":"babfba71e69562e8528c206894102a8cea23f623"}
,"/home/sergey/University/mobile/Mobile/services/database.web.ts": {"path":"/home/sergey/University/mobile/Mobile/services/database.web.ts","statementMap":{"0":{"start":{"line":27,"column":27},"end":{"line":27,"column":31}},"1":{"start":{"line":30,"column":4},"end":{"line":30,"column":79}},"2":{"start":{"line":31,"column":4},"end":{"line":31,"column":11}},"3":{"start":{"line":43,"column":4},"end":{"line":43,"column":16}},"4":{"start":{"line":58,"column":4},"end":{"line":58,"column":16}},"5":{"start":{"line":62,"column":4},"end":{"line":62,"column":17}},"6":{"start":{"line":66,"column":4},"end":{"line":66,"column":14}},"7":{"start":{"line":74,"column":4},"end":{"line":74,"column":14}},"8":{"start":{"line":78,"column":31},"end":{"line":78,"column":52}}},"fnMap":{"0":{"name":"(anonymous_0)","decl":{"start":{"line":29,"column":2},"end":{"line":29,"column":3}},"loc":{"start":{"line":29,"column":15},"end":{"line":32,"column":3}},"line":29},"1":{"name":"(anonymous_1)","decl":{"start":{"line":34,"column":2},"end":{"line":34,"column":3}},"loc":{"start":{"line":34,"column":31},"end":{"line":36,"column":3}},"line":34},"2":{"name":"(anonymous_2)","decl":{"start":{"line":38,"column":2},"end":{"line":38,"column":3}},"loc":{"start":{"line":38,"column":64},"end":{"line":40,"column":3}},"line":38},"3":{"name":"(anonymous_3)","decl":{"start":{"line":42,"column":2},"end":{"line":42,"column":3}},"loc":{"start":{"line":42,"column":72},"end":{"line":44,"column":3}},"line":42},"4":{"name":"(anonymous_4)","decl":{"start":{"line":46,"column":2},"end":{"line":46,"column":3}},"loc":{"start":{"line":50,"column":19},"end":{"line":52,"column":3}},"line":50},"5":{"name":"(anonymous_5)","decl":{"start":{"line":54,"column":2},"end":{"line":54,"column":3}},"loc":{"start":{"line":57,"column":25},"end":{"line":59,"column":3}},"line":57},"6":{"name":"(anonymous_6)","decl":{"start":{"line":61,"column":2},"end":{"line":61,"column":3}},"loc":{"start":{"line":61,"column":85},"end":{"line":63,"column":3}},"line":61},"7":{"name":"(anonymous_7)","decl":{"start":{"line":65,"column":2},"end":{"line":65,"column":3}},"loc":{"start":{"line":65,"column":70},"end":{"line":67,"column":3}},"line":65},"8":{"name":"(anonymous_8)","decl":{"start":{"line":69,"column":2},"end":{"line":69,"column":3}},"loc":{"start":{"line":69,"column":38},"end":{"line":71,"column":3}},"line":69},"9":{"name":"(anonymous_9)","decl":{"start":{"line":73,"column":2},"end":{"line":73,"column":3}},"loc":{"start":{"line":73,"column":48},"end":{"line":75,"column":3}},"line":73}},"branchMap":{"0":{"loc":{"start":{"line":61,"column":35},"end":{"line":61,"column":65}},"type":"default-arg","locations":[{"start":{"line":61,"column":52},"end":{"line":61,"column":65}}],"line":61},"1":{"loc":{"start":{"line":65,"column":21},"end":{"line":65,"column":38}},"type":"default-arg","locations":[{"start":{"line":65,"column":37},"end":{"line":65,"column":38}}],"line":65}},"s":{"0":0,"1":0,"2":0,"3":0,"4":0,"5":0,"6":0,"7":0,"8":0},"f":{"0":0,"1":0,"2":0,"3":0,"4":0,"5":0,"6":0,"7":0,"8":0,"9":0},"b":{"0":[0],"1":[0]}}
,"/home/sergey/University/mobile/Mobile/services/geolocation.ts": {"path":"/home/sergey/University/mobile/Mobile/services/geolocation.ts","statementMap":{"0":{"start":{"line":28,"column":2},"end":{"line":34,"column":3}},"1":{"start":{"line":29,"column":23},"end":{"line":29,"column":73}},"2":{"start":{"line":30,"column":4},"end":{"line":30,"column":32}},"3":{"start":{"line":32,"column":4},"end":{"line":32,"column":73}},"4":{"start":{"line":33,"column":4},"end":{"line":33,"column":17}},"5":{"start":{"line":42,"column":2},"end":{"line":48,"column":3}},"6":{"start":{"line":43,"column":23},"end":{"line":43,"column":69}},"7":{"start":{"line":44,"column":4},"end":{"line":44,"column":32}},"8":{"start":{"line":46,"column":4},"end":{"line":46,"column":74}},"9":{"start":{"line":47,"column":4},"end":{"line":47,"column":17}},"10":{"start":{"line":58,"column":2},"end":{"line":80,"column":3}},"11":{"start":{"line":59,"column":21},"end":{"line":63,"column":6}},"12":{"start":{"line":65,"column":4},"end":{"line":76,"column":6}},"13":{"start":{"line":78,"column":4},"end":{"line":78,"column":65}},"14":{"start":{"line":79,"column":4},"end":{"line":79,"column":66}},"15":{"start":{"line":90,"column":24},"end":{"line":90,"column":55}},"16":{"start":{"line":92,"column":2},"end":{"line":97,"column":3}},"17":{"start":{"line":93,"column":20},"end":{"line":93,"column":53}},"18":{"start":{"line":94,"column":4},"end":{"line":96,"column":5}},"19":{"start":{"line":95,"column":6},"end":{"line":95,"column":76}},"20":{"start":{"line":99,"column":2},"end":{"line":99,"column":30}},"21":{"start":{"line":110,"column":24},"end":{"line":110,"column":55}},"22":{"start":{"line":112,"column":2},"end":{"line":117,"column":3}},"23":{"start":{"line":113,"column":20},"end":{"line":113,"column":53}},"24":{"start":{"line":114,"column":4},"end":{"line":116,"column":5}},"25":{"start":{"line":115,"column":6},"end":{"line":115,"column":76}},"26":{"start":{"line":119,"column":23},"end":{"line":139,"column":3}},"27":{"start":{"line":126,"column":6},"end":{"line":137,"column":9}},"28":{"start":{"line":141,"column":2},"end":{"line":141,"column":37}},"29":{"start":{"line":141,"column":15},"end":{"line":141,"column":36}}},"fnMap":{"0":{"name":"requestLocationPermission","decl":{"start":{"line":27,"column":22},"end":{"line":27,"column":47}},"loc":{"start":{"line":27,"column":68},"end":{"line":35,"column":1}},"line":27},"1":{"name":"checkLocationPermission","decl":{"start":{"line":41,"column":22},"end":{"line":41,"column":45}},"loc":{"start":{"line":41,"column":66},"end":{"line":49,"column":1}},"line":41},"2":{"name":"getCurrentPosition","decl":{"start":{"line":57,"column":22},"end":{"line":57,"column":40}},"loc":{"start":{"line":57,"column":71},"end":{"line":81,"column":1}},"line":57},"3":{"name":"getCurrentPositionWithPermission","decl":{"start":{"line":89,"column":22},"end":{"line":89,"column":54}},"loc":{"start":{"line":89,"column":85},"end":{"line":100,"column":1}},"line":89},"4":{"name":"watchPosition","decl":{"start":{"line":107,"column":22},"end":{"line":107,"column":35}},"loc":{"start":{"line":109,"column":23},"end":{"line":142,"column":1}},"line":109},"5":{"name":"(anonymous_5)","decl":{"start":{"line":125,"column":4},"end":{"line":125,"column":5}},"loc":{"start":{"line":125,"column":18},"end":{"line":138,"column":5}},"line":125},"6":{"name":"(anonymous_6)","decl":{"start":{"line":141,"column":9},"end":{"line":141,"column":10}},"loc":{"start":{"line":141,"column":15},"end":{"line":141,"column":36}},"line":141}},"branchMap":{"0":{"loc":{"start":{"line":69,"column":18},"end":{"line":69,"column":55}},"type":"binary-expr","locations":[{"start":{"line":69,"column":18},"end":{"line":69,"column":42}},{"start":{"line":69,"column":46},"end":{"line":69,"column":55}}],"line":69},"1":{"loc":{"start":{"line":92,"column":2},"end":{"line":97,"column":3}},"type":"if","locations":[{"start":{"line":92,"column":2},"end":{"line":97,"column":3}},{"start":{},"end":{}}],"line":92},"2":{"loc":{"start":{"line":94,"column":4},"end":{"line":96,"column":5}},"type":"if","locations":[{"start":{"line":94,"column":4},"end":{"line":96,"column":5}},{"start":{},"end":{}}],"line":94},"3":{"loc":{"start":{"line":112,"column":2},"end":{"line":117,"column":3}},"type":"if","locations":[{"start":{"line":112,"column":2},"end":{"line":117,"column":3}},{"start":{},"end":{}}],"line":112},"4":{"loc":{"start":{"line":114,"column":4},"end":{"line":116,"column":5}},"type":"if","locations":[{"start":{"line":114,"column":4},"end":{"line":116,"column":5}},{"start":{},"end":{}}],"line":114},"5":{"loc":{"start":{"line":130,"column":20},"end":{"line":130,"column":57}},"type":"binary-expr","locations":[{"start":{"line":130,"column":20},"end":{"line":130,"column":44}},{"start":{"line":130,"column":48},"end":{"line":130,"column":57}}],"line":130}},"s":{"0":9,"1":9,"2":8,"3":1,"4":1,"5":14,"6":14,"7":13,"8":1,"9":1,"10":14,"11":14,"12":12,"13":2,"14":2,"15":5,"16":5,"17":3,"18":3,"19":1,"20":4,"21":6,"22":6,"23":2,"24":2,"25":1,"26":5,"27":5,"28":5,"29":2},"f":{"0":9,"1":14,"2":14,"3":5,"4":6,"5":5,"6":2},"b":{"0":[12,1],"1":[3,2],"2":[1,2],"3":[2,4],"4":[1,1],"5":[5,0]},"_coverageSchema":"1a1c01bbd47fc00a2c39e90264f33305004495a9","hash":"61a7a6a66bb40b9a8f591eb5980b35bc612582dc"}
,"/home/sergey/University/mobile/Mobile/services/geolocation.web.ts": {"path":"/home/sergey/University/mobile/Mobile/services/geolocation.web.ts","statementMap":{"0":{"start":{"line":26,"column":2},"end":{"line":26,"column":36}},"1":{"start":{"line":35,"column":2},"end":{"line":38,"column":3}},"2":{"start":{"line":36,"column":4},"end":{"line":36,"column":70}},"3":{"start":{"line":37,"column":4},"end":{"line":37,"column":17}},"4":{"start":{"line":42,"column":2},"end":{"line":42,"column":14}},"5":{"start":{"line":51,"column":2},"end":{"line":53,"column":3}},"6":{"start":{"line":52,"column":4},"end":{"line":52,"column":17}},"7":{"start":{"line":56,"column":2},"end":{"line":66,"column":3}},"8":{"start":{"line":57,"column":4},"end":{"line":65,"column":5}},"9":{"start":{"line":58,"column":21},"end":{"line":58,"column":79}},"10":{"start":{"line":59,"column":6},"end":{"line":59,"column":69}},"11":{"start":{"line":63,"column":6},"end":{"line":63,"column":61}},"12":{"start":{"line":64,"column":6},"end":{"line":64,"column":18}},"13":{"start":{"line":69,"column":2},"end":{"line":69,"column":14}},"14":{"start":{"line":78,"column":2},"end":{"line":80,"column":3}},"15":{"start":{"line":79,"column":4},"end":{"line":79,"column":73}},"16":{"start":{"line":82,"column":2},"end":{"line":122,"column":5}},"17":{"start":{"line":83,"column":4},"end":{"line":121,"column":6}},"18":{"start":{"line":85,"column":8},"end":{"line":96,"column":11}},"19":{"start":{"line":99,"column":27},"end":{"line":99,"column":63}},"20":{"start":{"line":101,"column":8},"end":{"line":111,"column":9}},"21":{"start":{"line":103,"column":12},"end":{"line":103,"column":72}},"22":{"start":{"line":104,"column":12},"end":{"line":104,"column":18}},"23":{"start":{"line":106,"column":12},"end":{"line":106,"column":68}},"24":{"start":{"line":107,"column":12},"end":{"line":107,"column":18}},"25":{"start":{"line":109,"column":12},"end":{"line":109,"column":73}},"26":{"start":{"line":110,"column":12},"end":{"line":110,"column":18}},"27":{"start":{"line":113,"column":8},"end":{"line":113,"column":51}},"28":{"start":{"line":114,"column":8},"end":{"line":114,"column":40}},"29":{"start":{"line":132,"column":21},"end":{"line":132,"column":52}},"30":{"start":{"line":134,"column":2},"end":{"line":136,"column":3}},"31":{"start":{"line":135,"column":4},"end":{"line":135,"column":50}},"32":{"start":{"line":138,"column":2},"end":{"line":138,"column":30}},"33":{"start":{"line":149,"column":2},"end":{"line":151,"column":3}},"34":{"start":{"line":150,"column":4},"end":{"line":150,"column":73}},"35":{"start":{"line":153,"column":21},"end":{"line":153,"column":52}},"36":{"start":{"line":155,"column":2},"end":{"line":157,"column":3}},"37":{"start":{"line":156,"column":4},"end":{"line":156,"column":50}},"38":{"start":{"line":159,"column":18},"end":{"line":182,"column":3}},"39":{"start":{"line":161,"column":6},"end":{"line":172,"column":9}},"40":{"start":{"line":175,"column":6},"end":{"line":175,"column":70}},"41":{"start":{"line":184,"column":2},"end":{"line":186,"column":4}},"42":{"start":{"line":185,"column":4},"end":{"line":185,"column":46}}},"fnMap":{"0":{"name":"isGeolocationSupported","decl":{"start":{"line":25,"column":9},"end":{"line":25,"column":31}},"loc":{"start":{"line":25,"column":43},"end":{"line":27,"column":1}},"line":25},"1":{"name":"requestLocationPermission","decl":{"start":{"line":34,"column":22},"end":{"line":34,"column":47}},"loc":{"start":{"line":34,"column":68},"end":{"line":43,"column":1}},"line":34},"2":{"name":"checkLocationPermission","decl":{"start":{"line":50,"column":22},"end":{"line":50,"column":45}},"loc":{"start":{"line":50,"column":66},"end":{"line":70,"column":1}},"line":50},"3":{"name":"getCurrentPosition","decl":{"start":{"line":77,"column":22},"end":{"line":77,"column":40}},"loc":{"start":{"line":77,"column":71},"end":{"line":123,"column":1}},"line":77},"4":{"name":"(anonymous_4)","decl":{"start":{"line":82,"column":21},"end":{"line":82,"column":22}},"loc":{"start":{"line":82,"column":42},"end":{"line":122,"column":3}},"line":82},"5":{"name":"(anonymous_5)","decl":{"start":{"line":84,"column":6},"end":{"line":84,"column":7}},"loc":{"start":{"line":84,"column":20},"end":{"line":97,"column":7}},"line":84},"6":{"name":"(anonymous_6)","decl":{"start":{"line":98,"column":6},"end":{"line":98,"column":7}},"loc":{"start":{"line":98,"column":17},"end":{"line":115,"column":7}},"line":98},"7":{"name":"getCurrentPositionWithPermission","decl":{"start":{"line":131,"column":22},"end":{"line":131,"column":54}},"loc":{"start":{"line":131,"column":85},"end":{"line":139,"column":1}},"line":131},"8":{"name":"watchPosition","decl":{"start":{"line":146,"column":22},"end":{"line":146,"column":35}},"loc":{"start":{"line":148,"column":23},"end":{"line":187,"column":1}},"line":148},"9":{"name":"(anonymous_9)","decl":{"start":{"line":160,"column":4},"end":{"line":160,"column":5}},"loc":{"start":{"line":160,"column":18},"end":{"line":173,"column":5}},"line":160},"10":{"name":"(anonymous_10)","decl":{"start":{"line":174,"column":4},"end":{"line":174,"column":5}},"loc":{"start":{"line":174,"column":15},"end":{"line":176,"column":5}},"line":174},"11":{"name":"(anonymous_11)","decl":{"start":{"line":184,"column":9},"end":{"line":184,"column":10}},"loc":{"start":{"line":184,"column":15},"end":{"line":186,"column":3}},"line":184}},"branchMap":{"0":{"loc":{"start":{"line":35,"column":2},"end":{"line":38,"column":3}},"type":"if","locations":[{"start":{"line":35,"column":2},"end":{"line":38,"column":3}},{"start":{},"end":{}}],"line":35},"1":{"loc":{"start":{"line":51,"column":2},"end":{"line":53,"column":3}},"type":"if","locations":[{"start":{"line":51,"column":2},"end":{"line":53,"column":3}},{"start":{},"end":{}}],"line":51},"2":{"loc":{"start":{"line":56,"column":2},"end":{"line":66,"column":3}},"type":"if","locations":[{"start":{"line":56,"column":2},"end":{"line":66,"column":3}},{"start":{},"end":{}}],"line":56},"3":{"loc":{"start":{"line":59,"column":13},"end":{"line":59,"column":68}},"type":"binary-expr","locations":[{"start":{"line":59,"column":13},"end":{"line":59,"column":39}},{"start":{"line":59,"column":43},"end":{"line":59,"column":68}}],"line":59},"4":{"loc":{"start":{"line":78,"column":2},"end":{"line":80,"column":3}},"type":"if","locations":[{"start":{"line":78,"column":2},"end":{"line":80,"column":3}},{"start":{},"end":{}}],"line":78},"5":{"loc":{"start":{"line":101,"column":8},"end":{"line":111,"column":9}},"type":"switch","locations":[{"start":{"line":102,"column":10},"end":{"line":104,"column":18}},{"start":{"line":105,"column":10},"end":{"line":107,"column":18}},{"start":{"line":108,"column":10},"end":{"line":110,"column":18}}],"line":101},"6":{"loc":{"start":{"line":134,"column":2},"end":{"line":136,"column":3}},"type":"if","locations":[{"start":{"line":134,"column":2},"end":{"line":136,"column":3}},{"start":{},"end":{}}],"line":134},"7":{"loc":{"start":{"line":149,"column":2},"end":{"line":151,"column":3}},"type":"if","locations":[{"start":{"line":149,"column":2},"end":{"line":151,"column":3}},{"start":{},"end":{}}],"line":149},"8":{"loc":{"start":{"line":155,"column":2},"end":{"line":157,"column":3}},"type":"if","locations":[{"start":{"line":155,"column":2},"end":{"line":157,"column":3}},{"start":{},"end":{}}],"line":155}},"s":{"0":32,"1":1,"2":0,"3":0,"4":1,"5":14,"6":0,"7":14,"8":14,"9":14,"10":11,"11":3,"12":3,"13":0,"14":9,"15":0,"16":9,"17":9,"18":5,"19":4,"20":4,"21":1,"22":1,"23":1,"24":1,"25":1,"26":1,"27":4,"28":4,"29":2,"30":2,"31":0,"32":2,"33":8,"34":1,"35":7,"36":7,"37":1,"38":6,"39":3,"40":1,"41":6,"42":3},"f":{"0":32,"1":1,"2":14,"3":9,"4":9,"5":5,"6":4,"7":2,"8":8,"9":3,"10":1,"11":3},"b":{"0":[0,1],"1":[0,14],"2":[14,0],"3":[11,3],"4":[0,9],"5":[1,1,1],"6":[0,2],"7":[1,7],"8":[1,6]},"_coverageSchema":"1a1c01bbd47fc00a2c39e90264f33305004495a9","hash":"4145c3dc89b40061d8effd99485e95159cdd4951"}
,"/home/sergey/University/mobile/Mobile/services/storage.ts": {"path":"/home/sergey/University/mobile/Mobile/services/storage.ts","statementMap":{"0":{"start":{"line":4,"column":21},"end":{"line":12,"column":1}},"1":{"start":{"line":37,"column":25},"end":{"line":44,"column":1}},"2":{"start":{"line":38,"column":2},"end":{"line":43,"column":3}},"3":{"start":{"line":39,"column":4},"end":{"line":39,"column":58}},"4":{"start":{"line":41,"column":4},"end":{"line":41,"column":48}},"5":{"start":{"line":42,"column":4},"end":{"line":42,"column":49}},"6":{"start":{"line":49,"column":24},"end":{"line":57,"column":1}},"7":{"start":{"line":50,"column":2},"end":{"line":56,"column":3}},"8":{"start":{"line":51,"column":18},"end":{"line":51,"column":64}},"9":{"start":{"line":52,"column":4},"end":{"line":52,"column":43}},"10":{"start":{"line":54,"column":4},"end":{"line":54,"column":49}},"11":{"start":{"line":55,"column":4},"end":{"line":55,"column":19}},"12":{"start":{"line":62,"column":35},"end":{"line":71,"column":1}},"13":{"start":{"line":65,"column":2},"end":{"line":70,"column":3}},"14":{"start":{"line":66,"column":4},"end":{"line":66,"column":68}},"15":{"start":{"line":68,"column":4},"end":{"line":68,"column":59}},"16":{"start":{"line":69,"column":4},"end":{"line":69,"column":74}},"17":{"start":{"line":76,"column":34},"end":{"line":84,"column":1}},"18":{"start":{"line":77,"column":2},"end":{"line":83,"column":3}},"19":{"start":{"line":78,"column":17},"end":{"line":78,"column":74}},"20":{"start":{"line":79,"column":4},"end":{"line":79,"column":49}},"21":{"start":{"line":81,"column":4},"end":{"line":81,"column":60}},"22":{"start":{"line":82,"column":4},"end":{"line":82,"column":20}},"23":{"start":{"line":89,"column":33},"end":{"line":96,"column":1}},"24":{"start":{"line":90,"column":2},"end":{"line":95,"column":3}},"25":{"start":{"line":91,"column":4},"end":{"line":91,"column":67}},"26":{"start":{"line":93,"column":4},"end":{"line":93,"column":58}},"27":{"start":{"line":94,"column":4},"end":{"line":94,"column":77}},"28":{"start":{"line":101,"column":32},"end":{"line":109,"column":1}},"29":{"start":{"line":102,"column":2},"end":{"line":108,"column":3}},"30":{"start":{"line":103,"column":17},"end":{"line":103,"column":73}},"31":{"start":{"line":104,"column":4},"end":{"line":104,"column":44}},"32":{"start":{"line":106,"column":4},"end":{"line":106,"column":59}},"33":{"start":{"line":107,"column":4},"end":{"line":107,"column":17}},"34":{"start":{"line":114,"column":37},"end":{"line":126,"column":1}},"35":{"start":{"line":117,"column":2},"end":{"line":125,"column":3}},"36":{"start":{"line":118,"column":4},"end":{"line":121,"column":6}},"37":{"start":{"line":123,"column":4},"end":{"line":123,"column":61}},"38":{"start":{"line":124,"column":4},"end":{"line":124,"column":66}},"39":{"start":{"line":131,"column":36},"end":{"line":139,"column":1}},"40":{"start":{"line":132,"column":2},"end":{"line":138,"column":3}},"41":{"start":{"line":133,"column":20},"end":{"line":133,"column":79}},"42":{"start":{"line":134,"column":4},"end":{"line":134,"column":30}},"43":{"start":{"line":136,"column":4},"end":{"line":136,"column":62}},"44":{"start":{"line":137,"column":4},"end":{"line":137,"column":16}},"45":{"start":{"line":144,"column":33},"end":{"line":151,"column":1}},"46":{"start":{"line":145,"column":2},"end":{"line":150,"column":3}},"47":{"start":{"line":146,"column":4},"end":{"line":146,"column":80}},"48":{"start":{"line":148,"column":4},"end":{"line":148,"column":57}},"49":{"start":{"line":149,"column":4},"end":{"line":149,"column":69}},"50":{"start":{"line":156,"column":32},"end":{"line":164,"column":1}},"51":{"start":{"line":157,"column":2},"end":{"line":163,"column":3}},"52":{"start":{"line":158,"column":20},"end":{"line":158,"column":75}},"53":{"start":{"line":159,"column":4},"end":{"line":159,"column":30}},"54":{"start":{"line":161,"column":4},"end":{"line":161,"column":58}},"55":{"start":{"line":162,"column":4},"end":{"line":162,"column":16}},"56":{"start":{"line":169,"column":28},"end":{"line":184,"column":1}},"57":{"start":{"line":172,"column":2},"end":{"line":183,"column":3}},"58":{"start":{"line":173,"column":4},"end":{"line":179,"column":7}},"59":{"start":{"line":181,"column":4},"end":{"line":181,"column":51}},"60":{"start":{"line":182,"column":4},"end":{"line":182,"column":54}},"61":{"start":{"line":189,"column":27},"end":{"line":222,"column":1}},"62":{"start":{"line":190,"column":2},"end":{"line":221,"column":3}},"63":{"start":{"line":197,"column":8},"end":{"line":203,"column":6}},"64":{"start":{"line":205,"column":4},"end":{"line":211,"column":6}},"65":{"start":{"line":213,"column":4},"end":{"line":213,"column":52}},"66":{"start":{"line":214,"column":4},"end":{"line":220,"column":6}},"67":{"start":{"line":227,"column":31},"end":{"line":234,"column":1}},"68":{"start":{"line":228,"column":2},"end":{"line":233,"column":3}},"69":{"start":{"line":229,"column":4},"end":{"line":229,"column":80}},"70":{"start":{"line":231,"column":4},"end":{"line":231,"column":55}},"71":{"start":{"line":232,"column":4},"end":{"line":232,"column":50}},"72":{"start":{"line":239,"column":30},"end":{"line":247,"column":1}},"73":{"start":{"line":240,"column":2},"end":{"line":246,"column":3}},"74":{"start":{"line":241,"column":17},"end":{"line":241,"column":70}},"75":{"start":{"line":242,"column":4},"end":{"line":242,"column":42}},"76":{"start":{"line":244,"column":4},"end":{"line":244,"column":56}},"77":{"start":{"line":245,"column":4},"end":{"line":245,"column":16}},"78":{"start":{"line":252,"column":29},"end":{"line":272,"column":1}},"79":{"start":{"line":253,"column":2},"end":{"line":271,"column":3}},"80":{"start":{"line":254,"column":19},"end":{"line":254,"column":42}},"81":{"start":{"line":257,"column":21},"end":{"line":259,"column":5}},"82":{"start":{"line":258,"column":13},"end":{"line":258,"column":63}},"83":{"start":{"line":262,"column":20},"end":{"line":262,"column":51}},"84":{"start":{"line":264,"column":4},"end":{"line":267,"column":6}},"85":{"start":{"line":269,"column":4},"end":{"line":269,"column":54}},"86":{"start":{"line":270,"column":4},"end":{"line":270,"column":58}},"87":{"start":{"line":277,"column":31},"end":{"line":285,"column":1}},"88":{"start":{"line":278,"column":2},"end":{"line":284,"column":3}},"89":{"start":{"line":279,"column":19},"end":{"line":279,"column":73}},"90":{"start":{"line":280,"column":4},"end":{"line":280,"column":44}},"91":{"start":{"line":282,"column":4},"end":{"line":282,"column":57}},"92":{"start":{"line":283,"column":4},"end":{"line":283,"column":14}},"93":{"start":{"line":290,"column":33},"end":{"line":297,"column":1}},"94":{"start":{"line":291,"column":2},"end":{"line":296,"column":3}},"95":{"start":{"line":292,"column":4},"end":{"line":292,"column":62}},"96":{"start":{"line":294,"column":4},"end":{"line":294,"column":58}},"97":{"start":{"line":295,"column":4},"end":{"line":295,"column":58}},"98":{"start":{"line":302,"column":28},"end":{"line":309,"column":1}},"99":{"start":{"line":303,"column":2},"end":{"line":308,"column":3}},"100":{"start":{"line":304,"column":4},"end":{"line":304,"column":31}},"101":{"start":{"line":306,"column":4},"end":{"line":306,"column":53}},"102":{"start":{"line":307,"column":4},"end":{"line":307,"column":50}}},"fnMap":{"0":{"name":"(anonymous_0)","decl":{"start":{"line":37,"column":25},"end":{"line":37,"column":26}},"loc":{"start":{"line":37,"column":68},"end":{"line":44,"column":1}},"line":37},"1":{"name":"(anonymous_1)","decl":{"start":{"line":49,"column":24},"end":{"line":49,"column":25}},"loc":{"start":{"line":49,"column":56},"end":{"line":57,"column":1}},"line":49},"2":{"name":"(anonymous_2)","decl":{"start":{"line":62,"column":35},"end":{"line":62,"column":36}},"loc":{"start":{"line":64,"column":20},"end":{"line":71,"column":1}},"line":64},"3":{"name":"(anonymous_3)","decl":{"start":{"line":76,"column":34},"end":{"line":76,"column":35}},"loc":{"start":{"line":76,"column":72},"end":{"line":84,"column":1}},"line":76},"4":{"name":"(anonymous_4)","decl":{"start":{"line":89,"column":33},"end":{"line":89,"column":34}},"loc":{"start":{"line":89,"column":79},"end":{"line":96,"column":1}},"line":89},"5":{"name":"(anonymous_5)","decl":{"start":{"line":101,"column":32},"end":{"line":101,"column":33}},"loc":{"start":{"line":101,"column":68},"end":{"line":109,"column":1}},"line":101},"6":{"name":"(anonymous_6)","decl":{"start":{"line":114,"column":37},"end":{"line":114,"column":38}},"loc":{"start":{"line":116,"column":20},"end":{"line":126,"column":1}},"line":116},"7":{"name":"(anonymous_7)","decl":{"start":{"line":131,"column":36},"end":{"line":131,"column":37}},"loc":{"start":{"line":131,"column":66},"end":{"line":139,"column":1}},"line":131},"8":{"name":"(anonymous_8)","decl":{"start":{"line":144,"column":33},"end":{"line":144,"column":34}},"loc":{"start":{"line":144,"column":76},"end":{"line":151,"column":1}},"line":144},"9":{"name":"(anonymous_9)","decl":{"start":{"line":156,"column":32},"end":{"line":156,"column":33}},"loc":{"start":{"line":156,"column":62},"end":{"line":164,"column":1}},"line":156},"10":{"name":"(anonymous_10)","decl":{"start":{"line":169,"column":28},"end":{"line":169,"column":29}},"loc":{"start":{"line":171,"column":20},"end":{"line":184,"column":1}},"line":171},"11":{"name":"(anonymous_11)","decl":{"start":{"line":189,"column":27},"end":{"line":189,"column":28}},"loc":{"start":{"line":189,"column":65},"end":{"line":222,"column":1}},"line":189},"12":{"name":"(anonymous_12)","decl":{"start":{"line":227,"column":31},"end":{"line":227,"column":32}},"loc":{"start":{"line":227,"column":72},"end":{"line":234,"column":1}},"line":227},"13":{"name":"(anonymous_13)","decl":{"start":{"line":239,"column":30},"end":{"line":239,"column":31}},"loc":{"start":{"line":239,"column":68},"end":{"line":247,"column":1}},"line":239},"14":{"name":"(anonymous_14)","decl":{"start":{"line":252,"column":29},"end":{"line":252,"column":30}},"loc":{"start":{"line":252,"column":70},"end":{"line":272,"column":1}},"line":252},"15":{"name":"(anonymous_15)","decl":{"start":{"line":258,"column":6},"end":{"line":258,"column":7}},"loc":{"start":{"line":258,"column":13},"end":{"line":258,"column":63}},"line":258},"16":{"name":"(anonymous_16)","decl":{"start":{"line":277,"column":31},"end":{"line":277,"column":32}},"loc":{"start":{"line":277,"column":64},"end":{"line":285,"column":1}},"line":277},"17":{"name":"(anonymous_17)","decl":{"start":{"line":290,"column":33},"end":{"line":290,"column":34}},"loc":{"start":{"line":290,"column":60},"end":{"line":297,"column":1}},"line":290},"18":{"name":"(anonymous_18)","decl":{"start":{"line":302,"column":28},"end":{"line":302,"column":29}},"loc":{"start":{"line":302,"column":55},"end":{"line":309,"column":1}},"line":302}},"branchMap":{"0":{"loc":{"start":{"line":52,"column":11},"end":{"line":52,"column":42}},"type":"binary-expr","locations":[{"start":{"line":52,"column":12},"end":{"line":52,"column":30}},{"start":{"line":52,"column":35},"end":{"line":52,"column":42}}],"line":52},"1":{"loc":{"start":{"line":79,"column":11},"end":{"line":79,"column":48}},"type":"binary-expr","locations":[{"start":{"line":79,"column":12},"end":{"line":79,"column":35}},{"start":{"line":79,"column":40},"end":{"line":79,"column":48}}],"line":79},"2":{"loc":{"start":{"line":104,"column":11},"end":{"line":104,"column":43}},"type":"binary-expr","locations":[{"start":{"line":104,"column":12},"end":{"line":104,"column":33}},{"start":{"line":104,"column":38},"end":{"line":104,"column":43}}],"line":104},"3":{"loc":{"start":{"line":242,"column":11},"end":{"line":242,"column":41}},"type":"cond-expr","locations":[{"start":{"line":242,"column":18},"end":{"line":242,"column":34}},{"start":{"line":242,"column":37},"end":{"line":242,"column":41}}],"line":242},"4":{"loc":{"start":{"line":258,"column":13},"end":{"line":258,"column":63}},"type":"binary-expr","locations":[{"start":{"line":258,"column":13},"end":{"line":258,"column":33}},{"start":{"line":258,"column":37},"end":{"line":258,"column":63}}],"line":258},"5":{"loc":{"start":{"line":280,"column":11},"end":{"line":280,"column":43}},"type":"cond-expr","locations":[{"start":{"line":280,"column":20},"end":{"line":280,"column":38}},{"start":{"line":280,"column":41},"end":{"line":280,"column":43}}],"line":280}},"s":{"0":2,"1":2,"2":0,"3":0,"4":0,"5":0,"6":2,"7":0,"8":0,"9":0,"10":0,"11":0,"12":2,"13":0,"14":0,"15":0,"16":0,"17":2,"18":0,"19":0,"20":0,"21":0,"22":0,"23":2,"24":0,"25":0,"26":0,"27":0,"28":2,"29":0,"30":0,"31":0,"32":0,"33":0,"34":2,"35":0,"36":0,"37":0,"38":0,"39":2,"40":0,"41":0,"42":0,"43":0,"44":0,"45":2,"46":0,"47":0,"48":0,"49":0,"50":2,"51":0,"52":0,"53":0,"54":0,"55":0,"56":2,"57":0,"58":0,"59":0,"60":0,"61":2,"62":0,"63":0,"64":0,"65":0,"66":0,"67":2,"68":0,"69":0,"70":0,"71":0,"72":2,"73":0,"74":0,"75":0,"76":0,"77":0,"78":2,"79":0,"80":0,"81":0,"82":0,"83":0,"84":0,"85":0,"86":0,"87":2,"88":0,"89":0,"90":0,"91":0,"92":0,"93":2,"94":0,"95":0,"96":0,"97":0,"98":2,"99":0,"100":0,"101":0,"102":0},"f":{"0":0,"1":0,"2":0,"3":0,"4":0,"5":0,"6":0,"7":0,"8":0,"9":0,"10":0,"11":0,"12":0,"13":0,"14":0,"15":0,"16":0,"17":0,"18":0},"b":{"0":[0,0],"1":[0,0],"2":[0,0],"3":[0,0],"4":[0,0],"5":[0,0]},"_coverageSchema":"1a1c01bbd47fc00a2c39e90264f33305004495a9","hash":"ec663b097540a7ac1340f4239fb6f2d41f752877"}
,"/home/sergey/University/mobile/Mobile/services/weatherApi.ts": {"path":"/home/sergey/University/mobile/Mobile/services/weatherApi.ts","statementMap":{"0":{"start":{"line":4,"column":17},"end":{"line":4,"column":48}},"1":{"start":{"line":5,"column":22},"end":{"line":5,"column":63}},"2":{"start":{"line":52,"column":41},"end":{"line":97,"column":1}},"3":{"start":{"line":57,"column":2},"end":{"line":96,"column":3}},"4":{"start":{"line":58,"column":21},"end":{"line":58,"column":66}},"5":{"start":{"line":59,"column":21},"end":{"line":59,"column":55}},"6":{"start":{"line":61,"column":21},"end":{"line":70,"column":5}},"7":{"start":{"line":72,"column":4},"end":{"line":74,"column":5}},"8":{"start":{"line":73,"column":6},"end":{"line":73,"column":64}},"9":{"start":{"line":76,"column":17},"end":{"line":76,"column":38}},"10":{"start":{"line":79,"column":21},"end":{"line":79,"column":56}},"11":{"start":{"line":81,"column":4},"end":{"line":92,"column":6}},"12":{"start":{"line":94,"column":4},"end":{"line":94,"column":62}},"13":{"start":{"line":95,"column":4},"end":{"line":95,"column":60}},"14":{"start":{"line":102,"column":35},"end":{"line":166,"column":1}},"15":{"start":{"line":107,"column":2},"end":{"line":165,"column":3}},"16":{"start":{"line":108,"column":21},"end":{"line":108,"column":66}},"17":{"start":{"line":109,"column":21},"end":{"line":109,"column":55}},"18":{"start":{"line":111,"column":21},"end":{"line":121,"column":5}},"19":{"start":{"line":123,"column":4},"end":{"line":125,"column":5}},"20":{"start":{"line":124,"column":6},"end":{"line":124,"column":64}},"21":{"start":{"line":127,"column":17},"end":{"line":127,"column":38}},"22":{"start":{"line":130,"column":40},"end":{"line":130,"column":42}},"23":{"start":{"line":131,"column":4},"end":{"line":143,"column":5}},"24":{"start":{"line":131,"column":17},"end":{"line":131,"column":18}},"25":{"start":{"line":132,"column":19},"end":{"line":132,"column":48}},"26":{"start":{"line":133,"column":20},"end":{"line":133,"column":35}},"27":{"start":{"line":134,"column":22},"end":{"line":134,"column":39}},"28":{"start":{"line":135,"column":22},"end":{"line":135,"column":99}},"29":{"start":{"line":137,"column":6},"end":{"line":142,"column":9}},"30":{"start":{"line":146,"column":38},"end":{"line":146,"column":40}},"31":{"start":{"line":147,"column":4},"end":{"line":159,"column":5}},"32":{"start":{"line":147,"column":17},"end":{"line":147,"column":18}},"33":{"start":{"line":148,"column":19},"end":{"line":148,"column":47}},"34":{"start":{"line":149,"column":22},"end":{"line":149,"column":41}},"35":{"start":{"line":151,"column":6},"end":{"line":158,"column":9}},"36":{"start":{"line":161,"column":4},"end":{"line":161,"column":29}},"37":{"start":{"line":163,"column":4},"end":{"line":163,"column":63}},"38":{"start":{"line":164,"column":4},"end":{"line":164,"column":59}},"39":{"start":{"line":171,"column":28},"end":{"line":201,"column":1}},"40":{"start":{"line":172,"column":2},"end":{"line":200,"column":3}},"41":{"start":{"line":173,"column":4},"end":{"line":175,"column":5}},"42":{"start":{"line":174,"column":6},"end":{"line":174,"column":16}},"43":{"start":{"line":177,"column":21},"end":{"line":179,"column":5}},"44":{"start":{"line":181,"column":4},"end":{"line":183,"column":5}},"45":{"start":{"line":182,"column":6},"end":{"line":182,"column":64}},"46":{"start":{"line":185,"column":17},"end":{"line":185,"column":38}},"47":{"start":{"line":187,"column":4},"end":{"line":189,"column":5}},"48":{"start":{"line":188,"column":6},"end":{"line":188,"column":16}},"49":{"start":{"line":191,"column":4},"end":{"line":196,"column":8}},"50":{"start":{"line":191,"column":44},"end":{"line":196,"column":5}},"51":{"start":{"line":198,"column":4},"end":{"line":198,"column":52}},"52":{"start":{"line":199,"column":4},"end":{"line":199,"column":47}},"53":{"start":{"line":207,"column":35},"end":{"line":266,"column":1}},"54":{"start":{"line":211,"column":2},"end":{"line":265,"column":3}},"55":{"start":{"line":213,"column":21},"end":{"line":225,"column":5}},"56":{"start":{"line":227,"column":4},"end":{"line":233,"column":5}},"57":{"start":{"line":228,"column":6},"end":{"line":230,"column":8}},"58":{"start":{"line":232,"column":6},"end":{"line":232,"column":45}},"59":{"start":{"line":235,"column":17},"end":{"line":235,"column":38}},"60":{"start":{"line":237,"column":4},"end":{"line":240,"column":5}},"61":{"start":{"line":238,"column":6},"end":{"line":238,"column":60}},"62":{"start":{"line":239,"column":6},"end":{"line":239,"column":45}},"63":{"start":{"line":243,"column":20},"end":{"line":243,"column":38}},"64":{"start":{"line":245,"column":6},"end":{"line":251,"column":18}},"65":{"start":{"line":253,"column":20},"end":{"line":253,"column":41}},"66":{"start":{"line":255,"column":4},"end":{"line":255,"column":39}},"67":{"start":{"line":257,"column":4},"end":{"line":257,"column":68}},"68":{"start":{"line":259,"column":4},"end":{"line":264,"column":5}},"69":{"start":{"line":260,"column":6},"end":{"line":260,"column":45}},"70":{"start":{"line":262,"column":6},"end":{"line":262,"column":60}},"71":{"start":{"line":263,"column":6},"end":{"line":263,"column":49}},"72":{"start":{"line":276,"column":2},"end":{"line":309,"column":3}},"73":{"start":{"line":278,"column":19},"end":{"line":280,"column":6}},"74":{"start":{"line":283,"column":22},"end":{"line":283,"column":31}},"75":{"start":{"line":284,"column":22},"end":{"line":284,"column":77}},"76":{"start":{"line":286,"column":4},"end":{"line":292,"column":5}},"77":{"start":{"line":287,"column":23},"end":{"line":287,"column":64}},"78":{"start":{"line":288,"column":6},"end":{"line":291,"column":7}},"79":{"start":{"line":289,"column":8},"end":{"line":289,"column":31}},"80":{"start":{"line":290,"column":8},"end":{"line":290,"column":27}},"81":{"start":{"line":295,"column":4},"end":{"line":300,"column":5}},"82":{"start":{"line":296,"column":6},"end":{"line":299,"column":8}},"83":{"start":{"line":302,"column":4},"end":{"line":302,"column":68}},"84":{"start":{"line":304,"column":4},"end":{"line":304,"column":56}},"85":{"start":{"line":305,"column":4},"end":{"line":308,"column":6}},"86":{"start":{"line":322,"column":12},"end":{"line":322,"column":16}},"87":{"start":{"line":323,"column":15},"end":{"line":323,"column":33}},"88":{"start":{"line":324,"column":15},"end":{"line":324,"column":33}},"89":{"start":{"line":326,"column":4},"end":{"line":330,"column":24}},"90":{"start":{"line":331,"column":12},"end":{"line":331,"column":58}},"91":{"start":{"line":332,"column":2},"end":{"line":332,"column":15}},"92":{"start":{"line":339,"column":2},"end":{"line":339,"column":35}},"93":{"start":{"line":347,"column":50},"end":{"line":376,"column":3}},"94":{"start":{"line":378,"column":22},"end":{"line":378,"column":40}},"95":{"start":{"line":380,"column":2},"end":{"line":385,"column":3}},"96":{"start":{"line":381,"column":4},"end":{"line":383,"column":6}},"97":{"start":{"line":384,"column":4},"end":{"line":384,"column":24}},"98":{"start":{"line":387,"column":2},"end":{"line":387,"column":21}},"99":{"start":{"line":394,"column":2},"end":{"line":396,"column":3}},"100":{"start":{"line":395,"column":4},"end":{"line":395,"column":21}},"101":{"start":{"line":397,"column":2},"end":{"line":399,"column":3}},"102":{"start":{"line":398,"column":4},"end":{"line":398,"column":20}},"103":{"start":{"line":401,"column":15},"end":{"line":409,"column":3}},"104":{"start":{"line":410,"column":2},"end":{"line":410,"column":29}},"105":{"start":{"line":416,"column":42},"end":{"line":423,"column":1}}},"fnMap":{"0":{"name":"(anonymous_0)","decl":{"start":{"line":52,"column":41},"end":{"line":52,"column":42}},"loc":{"start":{"line":56,"column":27},"end":{"line":97,"column":1}},"line":56},"1":{"name":"(anonymous_1)","decl":{"start":{"line":102,"column":35},"end":{"line":102,"column":36}},"loc":{"start":{"line":106,"column":28},"end":{"line":166,"column":1}},"line":106},"2":{"name":"(anonymous_2)","decl":{"start":{"line":171,"column":28},"end":{"line":171,"column":29}},"loc":{"start":{"line":171,"column":74},"end":{"line":201,"column":1}},"line":171},"3":{"name":"(anonymous_3)","decl":{"start":{"line":191,"column":28},"end":{"line":191,"column":29}},"loc":{"start":{"line":191,"column":44},"end":{"line":196,"column":5}},"line":191},"4":{"name":"(anonymous_4)","decl":{"start":{"line":207,"column":35},"end":{"line":207,"column":36}},"loc":{"start":{"line":210,"column":49},"end":{"line":266,"column":1}},"line":210},"5":{"name":"findNearestCity","decl":{"start":{"line":272,"column":15},"end":{"line":272,"column":30}},"loc":{"start":{"line":275,"column":46},"end":{"line":310,"column":1}},"line":275},"6":{"name":"getDistance","decl":{"start":{"line":316,"column":9},"end":{"line":316,"column":20}},"loc":{"start":{"line":321,"column":10},"end":{"line":333,"column":1}},"line":321},"7":{"name":"toRad","decl":{"start":{"line":338,"column":9},"end":{"line":338,"column":14}},"loc":{"start":{"line":338,"column":40},"end":{"line":340,"column":1}},"line":338},"8":{"name":"getWeatherDescription","decl":{"start":{"line":346,"column":9},"end":{"line":346,"column":30}},"loc":{"start":{"line":346,"column":53},"end":{"line":388,"column":1}},"line":346},"9":{"name":"getDayName","decl":{"start":{"line":393,"column":9},"end":{"line":393,"column":19}},"loc":{"start":{"line":393,"column":55},"end":{"line":411,"column":1}},"line":393}},"branchMap":{"0":{"loc":{"start":{"line":55,"column":2},"end":{"line":55,"column":41}},"type":"default-arg","locations":[{"start":{"line":55,"column":33},"end":{"line":55,"column":41}}],"line":55},"1":{"loc":{"start":{"line":58,"column":21},"end":{"line":58,"column":66}},"type":"cond-expr","locations":[{"start":{"line":58,"column":42},"end":{"line":58,"column":51}},{"start":{"line":58,"column":54},"end":{"line":58,"column":66}}],"line":58},"2":{"loc":{"start":{"line":59,"column":21},"end":{"line":59,"column":55}},"type":"cond-expr","locations":[{"start":{"line":59,"column":42},"end":{"line":59,"column":47}},{"start":{"line":59,"column":50},"end":{"line":59,"column":55}}],"line":59},"3":{"loc":{"start":{"line":72,"column":4},"end":{"line":74,"column":5}},"type":"if","locations":[{"start":{"line":72,"column":4},"end":{"line":74,"column":5}},{"start":{},"end":{}}],"line":72},"4":{"loc":{"start":{"line":105,"column":2},"end":{"line":105,"column":41}},"type":"default-arg","locations":[{"start":{"line":105,"column":33},"end":{"line":105,"column":41}}],"line":105},"5":{"loc":{"start":{"line":108,"column":21},"end":{"line":108,"column":66}},"type":"cond-expr","locations":[{"start":{"line":108,"column":42},"end":{"line":108,"column":51}},{"start":{"line":108,"column":54},"end":{"line":108,"column":66}}],"line":108},"6":{"loc":{"start":{"line":109,"column":21},"end":{"line":109,"column":55}},"type":"cond-expr","locations":[{"start":{"line":109,"column":42},"end":{"line":109,"column":47}},{"start":{"line":109,"column":50},"end":{"line":109,"column":55}}],"line":109},"7":{"loc":{"start":{"line":123,"column":4},"end":{"line":125,"column":5}},"type":"if","locations":[{"start":{"line":123,"column":4},"end":{"line":125,"column":5}},{"start":{},"end":{}}],"line":123},"8":{"loc":{"start":{"line":131,"column":20},"end":{"line":131,"column":56}},"type":"binary-expr","locations":[{"start":{"line":131,"column":20},"end":{"line":131,"column":25}},{"start":{"line":131,"column":29},"end":{"line":131,"column":56}}],"line":131},"9":{"loc":{"start":{"line":138,"column":14},"end":{"line":138,"column":42}},"type":"cond-expr","locations":[{"start":{"line":138,"column":24},"end":{"line":138,"column":32}},{"start":{"line":138,"column":35},"end":{"line":138,"column":42}}],"line":138},"10":{"loc":{"start":{"line":173,"column":4},"end":{"line":175,"column":5}},"type":"if","locations":[{"start":{"line":173,"column":4},"end":{"line":175,"column":5}},{"start":{},"end":{}}],"line":173},"11":{"loc":{"start":{"line":181,"column":4},"end":{"line":183,"column":5}},"type":"if","locations":[{"start":{"line":181,"column":4},"end":{"line":183,"column":5}},{"start":{},"end":{}}],"line":181},"12":{"loc":{"start":{"line":187,"column":4},"end":{"line":189,"column":5}},"type":"if","locations":[{"start":{"line":187,"column":4},"end":{"line":189,"column":5}},{"start":{},"end":{}}],"line":187},"13":{"loc":{"start":{"line":193,"column":15},"end":{"line":193,"column":54}},"type":"binary-expr","locations":[{"start":{"line":193,"column":15},"end":{"line":193,"column":27}},{"start":{"line":193,"column":31},"end":{"line":193,"column":48}},{"start":{"line":193,"column":52},"end":{"line":193,"column":54}}],"line":193},"14":{"loc":{"start":{"line":227,"column":4},"end":{"line":233,"column":5}},"type":"if","locations":[{"start":{"line":227,"column":4},"end":{"line":233,"column":5}},{"start":{},"end":{}}],"line":227},"15":{"loc":{"start":{"line":237,"column":4},"end":{"line":240,"column":5}},"type":"if","locations":[{"start":{"line":237,"column":4},"end":{"line":240,"column":5}},{"start":{},"end":{}}],"line":237},"16":{"loc":{"start":{"line":243,"column":20},"end":{"line":243,"column":38}},"type":"binary-expr","locations":[{"start":{"line":243,"column":20},"end":{"line":243,"column":32}},{"start":{"line":243,"column":36},"end":{"line":243,"column":38}}],"line":243},"17":{"loc":{"start":{"line":245,"column":6},"end":{"line":251,"column":18}},"type":"binary-expr","locations":[{"start":{"line":245,"column":6},"end":{"line":245,"column":18}},{"start":{"line":246,"column":6},"end":{"line":246,"column":18}},{"start":{"line":247,"column":6},"end":{"line":247,"column":21}},{"start":{"line":248,"column":6},"end":{"line":248,"column":26}},{"start":{"line":249,"column":6},"end":{"line":249,"column":20}},{"start":{"line":250,"column":6},"end":{"line":250,"column":19}},{"start":{"line":251,"column":6},"end":{"line":251,"column":18}}],"line":245},"18":{"loc":{"start":{"line":253,"column":20},"end":{"line":253,"column":41}},"type":"binary-expr","locations":[{"start":{"line":253,"column":20},"end":{"line":253,"column":35}},{"start":{"line":253,"column":39},"end":{"line":253,"column":41}}],"line":253},"19":{"loc":{"start":{"line":288,"column":6},"end":{"line":291,"column":7}},"type":"if","locations":[{"start":{"line":288,"column":6},"end":{"line":291,"column":7}},{"start":{},"end":{}}],"line":288},"20":{"loc":{"start":{"line":295,"column":4},"end":{"line":300,"column":5}},"type":"if","locations":[{"start":{"line":295,"column":4},"end":{"line":300,"column":5}},{"start":{},"end":{}}],"line":295},"21":{"loc":{"start":{"line":380,"column":2},"end":{"line":385,"column":3}},"type":"if","locations":[{"start":{"line":380,"column":2},"end":{"line":385,"column":3}},{"start":{},"end":{}}],"line":380},"22":{"loc":{"start":{"line":394,"column":2},"end":{"line":396,"column":3}},"type":"if","locations":[{"start":{"line":394,"column":2},"end":{"line":396,"column":3}},{"start":{},"end":{}}],"line":394},"23":{"loc":{"start":{"line":397,"column":2},"end":{"line":399,"column":3}},"type":"if","locations":[{"start":{"line":397,"column":2},"end":{"line":399,"column":3}},{"start":{},"end":{}}],"line":397}},"s":{"0":4,"1":4,"2":4,"3":15,"4":15,"5":15,"6":15,"7":15,"8":3,"9":12,"10":12,"11":12,"12":3,"13":3,"14":4,"15":6,"16":6,"17":6,"18":6,"19":6,"20":1,"21":5,"22":5,"23":5,"24":5,"25":13,"26":13,"27":13,"28":13,"29":13,"30":4,"31":4,"32":4,"33":12,"34":12,"35":12,"36":4,"37":2,"38":2,"39":4,"40":6,"41":6,"42":1,"43":5,"44":5,"45":1,"46":4,"47":4,"48":1,"49":3,"50":5,"51":1,"52":1,"53":4,"54":21,"55":21,"56":21,"57":4,"58":4,"59":17,"60":17,"61":1,"62":1,"63":16,"64":16,"65":16,"66":16,"67":0,"68":0,"69":0,"70":0,"71":0,"72":5,"73":5,"74":5,"75":5,"76":5,"77":35,"78":35,"79":2,"80":2,"81":5,"82":2,"83":3,"84":0,"85":0,"86":40,"87":40,"88":40,"89":40,"90":40,"91":40,"92":160,"93":12,"94":12,"95":12,"96":0,"97":0,"98":12,"99":12,"100":4,"101":8,"102":2,"103":6,"104":6,"105":4},"f":{"0":15,"1":6,"2":6,"3":5,"4":21,"5":5,"6":40,"7":160,"8":12,"9":12},"b":{"0":[14],"1":[14,1],"2":[14,1],"3":[3,12],"4":[5],"5":[5,1],"6":[5,1],"7":[1,5],"8":[18,17],"9":[4,9],"10":[1,5],"11":[1,4],"12":[1,3],"13":[5,1,0],"14":[4,17],"15":[1,16],"16":[16,1],"17":[16,3,2,1,1,1,1],"18":[16,1],"19":[2,33],"20":[2,3],"21":[0,12],"22":[4,8],"23":[2,6]},"_coverageSchema":"1a1c01bbd47fc00a2c39e90264f33305004495a9","hash":"2feb40c65f6d114b89a7007765d6f61bf5f28042"}
}
