TN:
SF:contexts/SettingsContext.tsx
FN:37,(anonymous_0)
FN:46,(anonymous_1)
FN:50,(anonymous_2)
FN:67,(anonymous_3)
FN:77,(anonymous_4)
FN:87,(anonymous_5)
FN:97,(anonymous_6)
FN:107,(anonymous_7)
FN:117,(anonymous_8)
FN:121,(anonymous_9)
FN:125,(anonymous_10)
FN:132,(anonymous_11)
FN:166,(anonymous_12)
FNF:13
FNH:13
FNDA:47,(anonymous_0)
FNDA:19,(anonymous_1)
FNDA:19,(anonymous_2)
FNDA:3,(anonymous_3)
FNDA:4,(anonymous_4)
FNDA:4,(anonymous_5)
FNDA:2,(anonymous_6)
FNDA:1,(anonymous_7)
FNDA:4,(anonymous_8)
FNDA:4,(anonymous_9)
FNDA:5,(anonymous_10)
FNDA:4,(anonymous_11)
FNDA:51,(anonymous_12)
DA:31,2
DA:37,2
DA:38,47
DA:39,47
DA:40,47
DA:41,47
DA:42,47
DA:43,47
DA:46,47
DA:47,19
DA:50,47
DA:51,19
DA:52,19
DA:53,19
DA:55,18
DA:56,18
DA:57,18
DA:58,18
DA:59,18
DA:61,1
DA:63,19
DA:67,47
DA:68,3
DA:69,3
DA:70,2
DA:72,1
DA:73,1
DA:77,47
DA:78,4
DA:79,4
DA:80,4
DA:82,0
DA:83,0
DA:87,47
DA:88,4
DA:89,4
DA:90,4
DA:92,0
DA:93,0
DA:97,47
DA:98,2
DA:99,2
DA:100,2
DA:102,0
DA:103,0
DA:107,47
DA:108,1
DA:109,1
DA:110,1
DA:112,0
DA:113,0
DA:117,47
DA:118,4
DA:121,47
DA:122,4
DA:125,47
DA:126,5
DA:127,3
DA:129,2
DA:132,47
DA:134,4
DA:135,2
DA:137,2
DA:141,47
DA:159,47
DA:166,2
DA:167,51
DA:168,51
DA:169,0
DA:171,51
LF:70
LH:61
BRDA:118,0,0,2
BRDA:118,0,1,2
BRDA:122,1,0,2
BRDA:122,1,1,2
BRDA:126,2,0,3
BRDA:126,2,1,2
BRDA:134,3,0,2
BRDA:134,3,1,2
BRDA:168,4,0,0
BRDA:168,4,1,51
BRF:10
BRH:9
end_of_record
TN:
SF:contexts/WeatherContext.tsx
FN:50,(anonymous_0)
FN:72,(anonymous_1)
FN:77,(anonymous_2)
FN:91,(anonymous_3)
FN:92,(anonymous_4)
FN:98,(anonymous_5)
FN:102,(anonymous_6)
FN:111,(anonymous_7)
FN:141,(anonymous_8)
FN:240,(anonymous_9)
FN:258,(anonymous_10)
FN:276,(anonymous_11)
FN:303,(anonymous_12)
FN:367,(anonymous_13)
FN:372,(anonymous_14)
FN:406,(anonymous_15)
FNF:16
FNH:13
FNDA:18,(anonymous_0)
FNDA:7,(anonymous_1)
FNDA:7,(anonymous_2)
FNDA:16,(anonymous_3)
FNDA:0,(anonymous_4)
FNDA:16,(anonymous_5)
FNDA:7,(anonymous_6)
FNDA:7,(anonymous_7)
FNDA:9,(anonymous_8)
FNDA:0,(anonymous_9)
FNDA:1,(anonymous_10)
FNDA:1,(anonymous_11)
FNDA:1,(anonymous_12)
FNDA:1,(anonymous_13)
FNDA:0,(anonymous_14)
FNDA:17,(anonymous_15)
DA:36,1
DA:42,1
DA:43,1
DA:50,1
DA:53,18
DA:56,18
DA:57,18
DA:61,18
DA:62,18
DA:63,18
DA:64,18
DA:65,18
DA:66,18
DA:67,18
DA:72,18
DA:73,7
DA:77,18
DA:78,7
DA:79,7
DA:81,6
DA:82,6
DA:84,1
DA:86,1
DA:91,18
DA:92,16
DA:93,0
DA:94,0
DA:98,16
DA:102,18
DA:103,7
DA:104,0
DA:111,18
DA:112,7
DA:113,7
DA:114,7
DA:117,7
DA:120,7
DA:121,7
DA:123,7
DA:124,7
DA:125,7
DA:127,5
DA:128,5
DA:131,2
DA:132,2
DA:134,7
DA:141,18
DA:142,9
DA:143,9
DA:146,9
DA:148,8
DA:150,1
DA:151,1
DA:155,1
DA:160,1
DA:162,1
DA:175,1
DA:176,1
DA:178,1
DA:179,1
DA:185,1
DA:186,1
DA:187,1
DA:192,7
DA:198,6
DA:214,6
DA:219,6
DA:226,6
DA:227,6
DA:228,6
DA:229,6
DA:230,6
DA:232,2
DA:233,2
DA:240,18
DA:241,0
DA:243,0
DA:244,0
DA:245,0
DA:246,0
DA:248,0
DA:249,0
DA:251,0
DA:258,18
DA:259,1
DA:261,1
DA:262,1
DA:263,1
DA:264,1
DA:266,0
DA:267,0
DA:269,1
DA:276,18
DA:277,1
DA:278,1
DA:279,1
DA:282,1
DA:283,1
DA:286,1
DA:287,1
DA:288,1
DA:291,1
DA:293,0
DA:294,0
DA:296,1
DA:303,18
DA:304,1
DA:305,1
DA:306,1
DA:308,1
DA:311,1
DA:316,1
DA:323,1
DA:331,1
DA:332,1
DA:333,1
DA:334,1
DA:335,1
DA:336,1
DA:339,1
DA:369,1
DA:370,1
DA:373,0
DA:377,0
DA:378,0
DA:379,0
DA:381,1
DA:385,18
DA:401,18
DA:406,1
DA:407,17
DA:408,17
DA:409,0
DA:411,17
LF:134
LH:114
BRDA:93,0,0,0
BRDA:93,0,1,0
BRDA:103,1,0,0
BRDA:103,1,1,7
BRDA:103,2,0,7
BRDA:103,2,1,0
BRDA:123,3,0,7
BRDA:123,3,1,7
BRDA:127,4,0,5
BRDA:127,4,1,0
BRDA:143,5,0,9
BRDA:143,5,1,0
BRDA:148,6,0,1
BRDA:148,6,1,7
BRDA:160,7,0,1
BRDA:160,7,1,0
BRDA:178,8,0,1
BRDA:178,8,1,0
BRDA:178,9,0,1
BRDA:178,9,1,1
BRDA:241,10,0,0
BRDA:241,10,1,0
BRDA:259,11,0,0
BRDA:259,11,1,1
BRDA:308,12,0,1
BRDA:308,12,1,0
BRDA:408,13,0,0
BRDA:408,13,1,17
BRF:28
BRH:15
end_of_record
TN:
SF:services/database.ts
FN:36,(anonymous_0)
FN:54,(anonymous_1)
FN:99,(anonymous_2)
FN:130,(anonymous_3)
FN:146,(anonymous_4)
FN:167,(anonymous_5)
FN:190,(anonymous_6)
FN:213,(anonymous_7)
FN:229,(anonymous_8)
FN:247,(anonymous_9)
FN:254,(anonymous_10)
FNF:11
FNH:11
FNDA:54,(anonymous_0)
FNDA:53,(anonymous_1)
FNDA:17,(anonymous_2)
FNDA:14,(anonymous_3)
FNDA:6,(anonymous_4)
FNDA:7,(anonymous_5)
FNDA:8,(anonymous_6)
FNDA:5,(anonymous_7)
FNDA:4,(anonymous_8)
FNDA:6,(anonymous_9)
FNDA:6,(anonymous_10)
DA:4,4
DA:5,4
DA:6,4
DA:34,4
DA:38,54
DA:39,1
DA:42,1
DA:45,53
DA:46,53
DA:47,53
DA:49,0
DA:50,0
DA:55,53
DA:58,53
DA:78,53
DA:90,53
DA:100,17
DA:102,17
DA:103,17
DA:124,1
DA:125,1
DA:131,14
DA:133,14
DA:134,14
DA:138,13
DA:140,1
DA:141,1
DA:151,6
DA:153,6
DA:154,6
DA:161,1
DA:162,1
DA:171,7
DA:173,7
DA:174,7
DA:179,6
DA:180,3
DA:182,3
DA:184,1
DA:185,1
DA:194,8
DA:196,8
DA:197,8
DA:202,7
DA:204,6
DA:205,6
DA:207,1
DA:208,1
DA:214,5
DA:216,5
DA:217,5
DA:221,4
DA:223,1
DA:224,1
DA:230,4
DA:232,4
DA:234,4
DA:235,4
DA:238,3
DA:242,1
DA:248,6
DA:250,6
DA:251,6
DA:254,6
DA:256,1
DA:257,1
DA:262,4
LF:67
LH:65
BRDA:5,0,0,4
BRDA:5,0,1,0
BRDA:38,1,0,1
BRDA:38,1,1,53
BRDA:55,2,0,0
BRDA:55,2,1,53
BRDA:100,3,0,0
BRDA:100,3,1,17
BRDA:131,4,0,0
BRDA:131,4,1,14
BRDA:138,5,0,13
BRDA:138,5,1,2
BRDA:151,6,0,0
BRDA:151,6,1,6
BRDA:171,7,0,0
BRDA:171,7,1,7
BRDA:179,8,0,3
BRDA:179,8,1,3
BRDA:179,9,0,6
BRDA:179,9,1,3
BRDA:192,10,0,7
BRDA:194,11,0,0
BRDA:194,11,1,8
BRDA:202,12,0,1
BRDA:202,12,1,6
BRDA:213,13,0,3
BRDA:214,14,0,0
BRDA:214,14,1,5
BRDA:230,15,0,0
BRDA:230,15,1,4
BRDA:248,16,0,0
BRDA:248,16,1,6
BRF:32
BRH:22
end_of_record
TN:
SF:services/database.web.ts
FN:29,(anonymous_0)
FN:34,(anonymous_1)
FN:38,(anonymous_2)
FN:42,(anonymous_3)
FN:46,(anonymous_4)
FN:54,(anonymous_5)
FN:61,(anonymous_6)
FN:65,(anonymous_7)
FN:69,(anonymous_8)
FN:73,(anonymous_9)
FNF:10
FNH:0
FNDA:0,(anonymous_0)
FNDA:0,(anonymous_1)
FNDA:0,(anonymous_2)
FNDA:0,(anonymous_3)
FNDA:0,(anonymous_4)
FNDA:0,(anonymous_5)
FNDA:0,(anonymous_6)
FNDA:0,(anonymous_7)
FNDA:0,(anonymous_8)
FNDA:0,(anonymous_9)
DA:27,0
DA:30,0
DA:31,0
DA:43,0
DA:58,0
DA:62,0
DA:66,0
DA:74,0
DA:78,0
LF:9
LH:0
BRDA:61,0,0,0
BRDA:65,1,0,0
BRF:2
BRH:0
end_of_record
TN:
SF:services/geolocation.ts
FN:27,requestLocationPermission
FN:41,checkLocationPermission
FN:57,getCurrentPosition
FN:89,getCurrentPositionWithPermission
FN:107,watchPosition
FN:125,(anonymous_5)
FN:141,(anonymous_6)
FNF:7
FNH:7
FNDA:9,requestLocationPermission
FNDA:14,checkLocationPermission
FNDA:14,getCurrentPosition
FNDA:5,getCurrentPositionWithPermission
FNDA:6,watchPosition
FNDA:5,(anonymous_5)
FNDA:2,(anonymous_6)
DA:28,9
DA:29,9
DA:30,8
DA:32,1
DA:33,1
DA:42,14
DA:43,14
DA:44,13
DA:46,1
DA:47,1
DA:58,14
DA:59,14
DA:65,12
DA:78,2
DA:79,2
DA:90,5
DA:92,5
DA:93,3
DA:94,3
DA:95,1
DA:99,4
DA:110,6
DA:112,6
DA:113,2
DA:114,2
DA:115,1
DA:119,5
DA:126,5
DA:141,5
LF:29
LH:29
BRDA:69,0,0,12
BRDA:69,0,1,1
BRDA:92,1,0,3
BRDA:92,1,1,2
BRDA:94,2,0,1
BRDA:94,2,1,2
BRDA:112,3,0,2
BRDA:112,3,1,4
BRDA:114,4,0,1
BRDA:114,4,1,1
BRDA:130,5,0,5
BRDA:130,5,1,0
BRF:12
BRH:11
end_of_record
TN:
SF:services/geolocation.web.ts
FN:25,isGeolocationSupported
FN:34,requestLocationPermission
FN:50,checkLocationPermission
FN:77,getCurrentPosition
FN:82,(anonymous_4)
FN:84,(anonymous_5)
FN:98,(anonymous_6)
FN:131,getCurrentPositionWithPermission
FN:146,watchPosition
FN:160,(anonymous_9)
FN:174,(anonymous_10)
FN:184,(anonymous_11)
FNF:12
FNH:12
FNDA:32,isGeolocationSupported
FNDA:1,requestLocationPermission
FNDA:14,checkLocationPermission
FNDA:9,getCurrentPosition
FNDA:9,(anonymous_4)
FNDA:5,(anonymous_5)
FNDA:4,(anonymous_6)
FNDA:2,getCurrentPositionWithPermission
FNDA:8,watchPosition
FNDA:3,(anonymous_9)
FNDA:1,(anonymous_10)
FNDA:3,(anonymous_11)
DA:26,32
DA:35,1
DA:36,0
DA:37,0
DA:42,1
DA:51,14
DA:52,0
DA:56,14
DA:57,14
DA:58,14
DA:59,11
DA:63,3
DA:64,3
DA:69,0
DA:78,9
DA:79,0
DA:82,9
DA:83,9
DA:85,5
DA:99,4
DA:101,4
DA:103,1
DA:104,1
DA:106,1
DA:107,1
DA:109,1
DA:110,1
DA:113,4
DA:114,4
DA:132,2
DA:134,2
DA:135,0
DA:138,2
DA:149,8
DA:150,1
DA:153,7
DA:155,7
DA:156,1
DA:159,6
DA:161,3
DA:175,1
DA:184,6
DA:185,3
LF:43
LH:37
BRDA:35,0,0,0
BRDA:35,0,1,1
BRDA:51,1,0,0
BRDA:51,1,1,14
BRDA:56,2,0,14
BRDA:56,2,1,0
BRDA:59,3,0,11
BRDA:59,3,1,3
BRDA:78,4,0,0
BRDA:78,4,1,9
BRDA:101,5,0,1
BRDA:101,5,1,1
BRDA:101,5,2,1
BRDA:134,6,0,0
BRDA:134,6,1,2
BRDA:149,7,0,1
BRDA:149,7,1,7
BRDA:155,8,0,1
BRDA:155,8,1,6
BRF:19
BRH:14
end_of_record
TN:
SF:services/storage.ts
FN:37,(anonymous_0)
FN:49,(anonymous_1)
FN:62,(anonymous_2)
FN:76,(anonymous_3)
FN:89,(anonymous_4)
FN:101,(anonymous_5)
FN:114,(anonymous_6)
FN:131,(anonymous_7)
FN:144,(anonymous_8)
FN:156,(anonymous_9)
FN:169,(anonymous_10)
FN:189,(anonymous_11)
FN:227,(anonymous_12)
FN:239,(anonymous_13)
FN:252,(anonymous_14)
FN:258,(anonymous_15)
FN:277,(anonymous_16)
FN:290,(anonymous_17)
FN:302,(anonymous_18)
FNF:19
FNH:0
FNDA:0,(anonymous_0)
FNDA:0,(anonymous_1)
FNDA:0,(anonymous_2)
FNDA:0,(anonymous_3)
FNDA:0,(anonymous_4)
FNDA:0,(anonymous_5)
FNDA:0,(anonymous_6)
FNDA:0,(anonymous_7)
FNDA:0,(anonymous_8)
FNDA:0,(anonymous_9)
FNDA:0,(anonymous_10)
FNDA:0,(anonymous_11)
FNDA:0,(anonymous_12)
FNDA:0,(anonymous_13)
FNDA:0,(anonymous_14)
FNDA:0,(anonymous_15)
FNDA:0,(anonymous_16)
FNDA:0,(anonymous_17)
FNDA:0,(anonymous_18)
DA:4,2
DA:37,2
DA:38,0
DA:39,0
DA:41,0
DA:42,0
DA:49,2
DA:50,0
DA:51,0
DA:52,0
DA:54,0
DA:55,0
DA:62,2
DA:65,0
DA:66,0
DA:68,0
DA:69,0
DA:76,2
DA:77,0
DA:78,0
DA:79,0
DA:81,0
DA:82,0
DA:89,2
DA:90,0
DA:91,0
DA:93,0
DA:94,0
DA:101,2
DA:102,0
DA:103,0
DA:104,0
DA:106,0
DA:107,0
DA:114,2
DA:117,0
DA:118,0
DA:123,0
DA:124,0
DA:131,2
DA:132,0
DA:133,0
DA:134,0
DA:136,0
DA:137,0
DA:144,2
DA:145,0
DA:146,0
DA:148,0
DA:149,0
DA:156,2
DA:157,0
DA:158,0
DA:159,0
DA:161,0
DA:162,0
DA:169,2
DA:172,0
DA:173,0
DA:181,0
DA:182,0
DA:189,2
DA:190,0
DA:197,0
DA:205,0
DA:213,0
DA:214,0
DA:227,2
DA:228,0
DA:229,0
DA:231,0
DA:232,0
DA:239,2
DA:240,0
DA:241,0
DA:242,0
DA:244,0
DA:245,0
DA:252,2
DA:253,0
DA:254,0
DA:257,0
DA:258,0
DA:262,0
DA:264,0
DA:269,0
DA:270,0
DA:277,2
DA:278,0
DA:279,0
DA:280,0
DA:282,0
DA:283,0
DA:290,2
DA:291,0
DA:292,0
DA:294,0
DA:295,0
DA:302,2
DA:303,0
DA:304,0
DA:306,0
DA:307,0
LF:103
LH:19
BRDA:52,0,0,0
BRDA:52,0,1,0
BRDA:79,1,0,0
BRDA:79,1,1,0
BRDA:104,2,0,0
BRDA:104,2,1,0
BRDA:242,3,0,0
BRDA:242,3,1,0
BRDA:258,4,0,0
BRDA:258,4,1,0
BRDA:280,5,0,0
BRDA:280,5,1,0
BRF:12
BRH:0
end_of_record
TN:
SF:services/weatherApi.ts
FN:52,(anonymous_0)
FN:102,(anonymous_1)
FN:171,(anonymous_2)
FN:191,(anonymous_3)
FN:207,(anonymous_4)
FN:272,findNearestCity
FN:316,getDistance
FN:338,toRad
FN:346,getWeatherDescription
FN:393,getDayName
FNF:10
FNH:10
FNDA:15,(anonymous_0)
FNDA:6,(anonymous_1)
FNDA:6,(anonymous_2)
FNDA:5,(anonymous_3)
FNDA:21,(anonymous_4)
FNDA:5,findNearestCity
FNDA:40,getDistance
FNDA:160,toRad
FNDA:12,getWeatherDescription
FNDA:12,getDayName
DA:4,4
DA:5,4
DA:52,4
DA:57,15
DA:58,15
DA:59,15
DA:61,15
DA:72,15
DA:73,3
DA:76,12
DA:79,12
DA:81,12
DA:94,3
DA:95,3
DA:102,4
DA:107,6
DA:108,6
DA:109,6
DA:111,6
DA:123,6
DA:124,1
DA:127,5
DA:130,5
DA:131,5
DA:132,13
DA:133,13
DA:134,13
DA:135,13
DA:137,13
DA:146,4
DA:147,4
DA:148,12
DA:149,12
DA:151,12
DA:161,4
DA:163,2
DA:164,2
DA:171,4
DA:172,6
DA:173,6
DA:174,1
DA:177,5
DA:181,5
DA:182,1
DA:185,4
DA:187,4
DA:188,1
DA:191,5
DA:198,1
DA:199,1
DA:207,4
DA:211,21
DA:213,21
DA:227,21
DA:228,4
DA:232,4
DA:235,17
DA:237,17
DA:238,1
DA:239,1
DA:243,16
DA:245,16
DA:253,16
DA:255,16
DA:257,0
DA:259,0
DA:260,0
DA:262,0
DA:263,0
DA:276,5
DA:278,5
DA:283,5
DA:284,5
DA:286,5
DA:287,35
DA:288,35
DA:289,2
DA:290,2
DA:295,5
DA:296,2
DA:302,3
DA:304,0
DA:305,0
DA:322,40
DA:323,40
DA:324,40
DA:326,40
DA:331,40
DA:332,40
DA:339,160
DA:347,12
DA:378,12
DA:380,12
DA:381,0
DA:384,0
DA:387,12
DA:394,12
DA:395,4
DA:397,8
DA:398,2
DA:401,6
DA:410,6
DA:416,4
LF:103
LH:94
BRDA:55,0,0,14
BRDA:58,1,0,14
BRDA:58,1,1,1
BRDA:59,2,0,14
BRDA:59,2,1,1
BRDA:72,3,0,3
BRDA:72,3,1,12
BRDA:105,4,0,5
BRDA:108,5,0,5
BRDA:108,5,1,1
BRDA:109,6,0,5
BRDA:109,6,1,1
BRDA:123,7,0,1
BRDA:123,7,1,5
BRDA:131,8,0,18
BRDA:131,8,1,17
BRDA:138,9,0,4
BRDA:138,9,1,9
BRDA:173,10,0,1
BRDA:173,10,1,5
BRDA:181,11,0,1
BRDA:181,11,1,4
BRDA:187,12,0,1
BRDA:187,12,1,3
BRDA:193,13,0,5
BRDA:193,13,1,1
BRDA:193,13,2,0
BRDA:227,14,0,4
BRDA:227,14,1,17
BRDA:237,15,0,1
BRDA:237,15,1,16
BRDA:243,16,0,16
BRDA:243,16,1,1
BRDA:245,17,0,16
BRDA:245,17,1,3
BRDA:245,17,2,2
BRDA:245,17,3,1
BRDA:245,17,4,1
BRDA:245,17,5,1
BRDA:245,17,6,1
BRDA:253,18,0,16
BRDA:253,18,1,1
BRDA:288,19,0,2
BRDA:288,19,1,33
BRDA:295,20,0,2
BRDA:295,20,1,3
BRDA:380,21,0,0
BRDA:380,21,1,12
BRDA:394,22,0,4
BRDA:394,22,1,8
BRDA:397,23,0,2
BRDA:397,23,1,6
BRF:52
BRH:50
end_of_record
